[0.417s] Invoking command in '/home/gavri/Documents/Code/ApolloSim/ROS2_WS/src/py_pubsub': PYTHONPATH=/home/gavri/Documents/Code/ApolloSim/ROS2_WS/build/py_pubsub/prefix_override:/home/gavri/Documents/Code/ApolloSim/ROS2_WS/install/py_pubsub/lib/python3.10/site-packages:${PYTHONPATH} /usr/bin/python3 setup.py egg_info --egg-base ../../build/py_pubsub build --build-base /home/gavri/Documents/Code/ApolloSim/ROS2_WS/build/py_pubsub/build install --record /home/gavri/Documents/Code/ApolloSim/ROS2_WS/build/py_pubsub/install.log --single-version-externally-managed
[0.547s] running egg_info
[0.548s] writing ../../build/py_pubsub/py_pubsub.egg-info/PKG-INFO
[0.548s] writing dependency_links to ../../build/py_pubsub/py_pubsub.egg-info/dependency_links.txt
[0.548s] writing entry points to ../../build/py_pubsub/py_pubsub.egg-info/entry_points.txt
[0.548s] writing requirements to ../../build/py_pubsub/py_pubsub.egg-info/requires.txt
[0.548s] writing top-level names to ../../build/py_pubsub/py_pubsub.egg-info/top_level.txt
[0.550s] reading manifest file '../../build/py_pubsub/py_pubsub.egg-info/SOURCES.txt'
[0.550s] adding license file 'LICENSE'
[0.550s] writing manifest file '../../build/py_pubsub/py_pubsub.egg-info/SOURCES.txt'
[0.550s] running build
[0.550s] running build_py
[0.551s] copying py_pubsub/publisher_member_function.py -> /home/gavri/Documents/Code/ApolloSim/ROS2_WS/build/py_pubsub/build/lib/py_pubsub
[0.551s] running install
[0.551s] /usr/lib/python3/dist-packages/setuptools/command/install.py:34: SetuptoolsDeprecationWarning: setup.py install is deprecated. Use build and pip and other standards-based tools.
[0.551s]   warnings.warn(
[0.551s] running install_lib
[0.552s] copying /home/gavri/Documents/Code/ApolloSim/ROS2_WS/build/py_pubsub/build/lib/py_pubsub/publisher_member_function.py -> /home/gavri/Documents/Code/ApolloSim/ROS2_WS/install/py_pubsub/lib/python3.10/site-packages/py_pubsub
[0.552s] byte-compiling /home/gavri/Documents/Code/ApolloSim/ROS2_WS/install/py_pubsub/lib/python3.10/site-packages/py_pubsub/publisher_member_function.py to publisher_member_function.cpython-310.pyc
[0.552s] running install_data
[0.553s] running install_egg_info
[0.554s] removing '/home/gavri/Documents/Code/ApolloSim/ROS2_WS/install/py_pubsub/lib/python3.10/site-packages/py_pubsub-0.0.0-py3.10.egg-info' (and everything under it)
[0.554s] Copying ../../build/py_pubsub/py_pubsub.egg-info to /home/gavri/Documents/Code/ApolloSim/ROS2_WS/install/py_pubsub/lib/python3.10/site-packages/py_pubsub-0.0.0-py3.10.egg-info
[0.554s] running install_scripts
[0.567s] Installing lidar script to /home/gavri/Documents/Code/ApolloSim/ROS2_WS/install/py_pubsub/lib/py_pubsub
[0.567s] Installing listener script to /home/gavri/Documents/Code/ApolloSim/ROS2_WS/install/py_pubsub/lib/py_pubsub
[0.567s] Installing talker script to /home/gavri/Documents/Code/ApolloSim/ROS2_WS/install/py_pubsub/lib/py_pubsub
[0.568s] writing list of installed files to '/home/gavri/Documents/Code/ApolloSim/ROS2_WS/build/py_pubsub/install.log'
[0.583s] Invoked command in '/home/gavri/Documents/Code/ApolloSim/ROS2_WS/src/py_pubsub' returned '0': PYTHONPATH=/home/gavri/Documents/Code/ApolloSim/ROS2_WS/build/py_pubsub/prefix_override:/home/gavri/Documents/Code/ApolloSim/ROS2_WS/install/py_pubsub/lib/python3.10/site-packages:${PYTHONPATH} /usr/bin/python3 setup.py egg_info --egg-base ../../build/py_pubsub build --build-base /home/gavri/Documents/Code/ApolloSim/ROS2_WS/build/py_pubsub/build install --record /home/gavri/Documents/Code/ApolloSim/ROS2_WS/build/py_pubsub/install.log --single-version-externally-managed
