[3.229s] DEBUG:colcon:Command line arguments: ['/usr/bin/colcon', 'build', '--packages-select', 'py_pubsub']
[3.229s] DEBUG:colcon:Parsed command line arguments: Namespace(log_base=None, log_level=None, verb_name='build', build_base='build', install_base='install', merge_install=False, symlink_install=False, test_result_base=None, continue_on_error=False, executor='parallel', parallel_workers=8, event_handlers=None, ignore_user_meta=False, metas=['./colcon.meta'], base_paths=['.'], packages_ignore=None, packages_ignore_regex=None, paths=None, packages_up_to=None, packages_up_to_regex=None, packages_above=None, packages_above_and_dependencies=None, packages_above_depth=None, packages_select_by_dep=None, packages_skip_by_dep=None, packages_skip_up_to=None, packages_select_build_failed=False, packages_skip_build_finished=False, packages_select_test_failures=False, packages_skip_test_passed=False, packages_select=['py_pubsub'], packages_skip=None, packages_select_regex=None, packages_skip_regex=None, packages_start=None, packages_end=None, allow_overriding=[], cmake_args=None, cmake_target=None, cmake_target_skip_unavailable=False, cmake_clean_cache=False, cmake_clean_first=False, cmake_force_configure=False, ament_cmake_args=None, catkin_cmake_args=None, catkin_skip_building_tests=False, verb_parser=<colcon_defaults.argument_parser.defaults.DefaultArgumentsDecorator object at 0x7fa373d98970>, verb_extension=<colcon_core.verb.build.BuildVerb object at 0x7fa373d99e70>, main=<bound method BuildVerb.main of <colcon_core.verb.build.BuildVerb object at 0x7fa373d99e70>>)
[3.781s] Level 1:colcon.colcon_core.package_discovery:discover_packages(colcon_meta) check parameters
[3.781s] Level 1:colcon.colcon_core.package_discovery:discover_packages(recursive) check parameters
[3.781s] Level 1:colcon.colcon_core.package_discovery:discover_packages(ignore) check parameters
[3.781s] Level 1:colcon.colcon_core.package_discovery:discover_packages(path) check parameters
[3.781s] Level 1:colcon.colcon_core.package_discovery:discover_packages(colcon_meta) discover
[3.781s] Level 1:colcon.colcon_core.package_discovery:discover_packages(recursive) discover
[3.781s] INFO:colcon.colcon_core.package_discovery:Crawling recursively for packages in '/home/gavri/Documents/Code/ApolloSim/ROS2_WS/src'
[3.781s] Level 1:colcon.colcon_core.package_identification:_identify(.) by extensions ['ignore', 'ignore_ament_install']
[3.781s] Level 1:colcon.colcon_core.package_identification:_identify(.) by extension 'ignore'
[3.781s] Level 1:colcon.colcon_core.package_identification:_identify(.) by extension 'ignore_ament_install'
[3.781s] Level 1:colcon.colcon_core.package_identification:_identify(.) by extensions ['colcon_pkg']
[3.781s] Level 1:colcon.colcon_core.package_identification:_identify(.) by extension 'colcon_pkg'
[3.781s] Level 1:colcon.colcon_core.package_identification:_identify(.) by extensions ['colcon_meta']
[3.781s] Level 1:colcon.colcon_core.package_identification:_identify(.) by extension 'colcon_meta'
[3.781s] Level 1:colcon.colcon_core.package_identification:_identify(.) by extensions ['ros']
[3.781s] Level 1:colcon.colcon_core.package_identification:_identify(.) by extension 'ros'
[3.790s] Level 1:colcon.colcon_core.package_identification:_identify(.) by extensions ['cmake', 'python']
[3.790s] Level 1:colcon.colcon_core.package_identification:_identify(.) by extension 'cmake'
[3.790s] Level 1:colcon.colcon_core.package_identification:_identify(.) by extension 'python'
[3.790s] Level 1:colcon.colcon_core.package_identification:_identify(.) by extensions ['python_setup_py']
[3.791s] Level 1:colcon.colcon_core.package_identification:_identify(.) by extension 'python_setup_py'
[3.791s] Level 1:colcon.colcon_core.package_identification:_identify(build) by extensions ['ignore', 'ignore_ament_install']
[3.791s] Level 1:colcon.colcon_core.package_identification:_identify(build) by extension 'ignore'
[3.791s] Level 1:colcon.colcon_core.package_identification:_identify(build) ignored
[3.791s] Level 1:colcon.colcon_core.package_identification:_identify(install) by extensions ['ignore', 'ignore_ament_install']
[3.791s] Level 1:colcon.colcon_core.package_identification:_identify(install) by extension 'ignore'
[3.791s] Level 1:colcon.colcon_core.package_identification:_identify(install) ignored
[3.791s] Level 1:colcon.colcon_core.package_identification:_identify(log) by extensions ['ignore', 'ignore_ament_install']
[3.791s] Level 1:colcon.colcon_core.package_identification:_identify(log) by extension 'ignore'
[3.791s] Level 1:colcon.colcon_core.package_identification:_identify(log) ignored
[3.791s] Level 1:colcon.colcon_core.package_identification:_identify(py_pubsub) by extensions ['ignore', 'ignore_ament_install']
[3.791s] Level 1:colcon.colcon_core.package_identification:_identify(py_pubsub) by extension 'ignore'
[3.791s] Level 1:colcon.colcon_core.package_identification:_identify(py_pubsub) by extension 'ignore_ament_install'
[3.791s] Level 1:colcon.colcon_core.package_identification:_identify(py_pubsub) by extensions ['colcon_pkg']
[3.791s] Level 1:colcon.colcon_core.package_identification:_identify(py_pubsub) by extension 'colcon_pkg'
[3.791s] Level 1:colcon.colcon_core.package_identification:_identify(py_pubsub) by extensions ['colcon_meta']
[3.791s] Level 1:colcon.colcon_core.package_identification:_identify(py_pubsub) by extension 'colcon_meta'
[3.791s] Level 1:colcon.colcon_core.package_identification:_identify(py_pubsub) by extensions ['ros']
[3.791s] Level 1:colcon.colcon_core.package_identification:_identify(py_pubsub) by extension 'ros'
[3.809s] DEBUG:colcon.colcon_core.package_identification:Package 'py_pubsub' with type 'ros.ament_python' and name 'py_pubsub'
[3.809s] Level 1:colcon.colcon_core.package_discovery:discover_packages(recursive) using defaults
[3.809s] Level 1:colcon.colcon_core.package_discovery:discover_packages(ignore) discover
[3.809s] Level 1:colcon.colcon_core.package_discovery:discover_packages(ignore) using defaults
[3.809s] Level 1:colcon.colcon_core.package_discovery:discover_packages(path) discover
[3.809s] Level 1:colcon.colcon_core.package_discovery:discover_packages(path) using defaults
[4.313s] Level 1:colcon.colcon_core.package_discovery:discover_packages(prefix_path) check parameters
[4.313s] Level 1:colcon.colcon_core.package_discovery:discover_packages(prefix_path) discover
[4.408s] DEBUG:colcon.colcon_installed_package_information.package_discovery:Found 1 installed packages in /home/gavri/Documents/Code/ros_ws/src/rplidar_ros2/install
[4.421s] DEBUG:colcon.colcon_installed_package_information.package_discovery:Found 1 installed packages in /home/gavri/Documents/Code/rplidar_ros2/src/install
[4.428s] DEBUG:colcon.colcon_installed_package_information.package_discovery:Found 270 installed packages in /opt/ros/humble
[4.429s] Level 1:colcon.colcon_core.package_discovery:discover_packages(prefix_path) using defaults
[4.494s] Level 5:colcon.colcon_core.verb:set package 'py_pubsub' build argument 'cmake_args' from command line to 'None'
[4.494s] Level 5:colcon.colcon_core.verb:set package 'py_pubsub' build argument 'cmake_target' from command line to 'None'
[4.494s] Level 5:colcon.colcon_core.verb:set package 'py_pubsub' build argument 'cmake_target_skip_unavailable' from command line to 'False'
[4.494s] Level 5:colcon.colcon_core.verb:set package 'py_pubsub' build argument 'cmake_clean_cache' from command line to 'False'
[4.494s] Level 5:colcon.colcon_core.verb:set package 'py_pubsub' build argument 'cmake_clean_first' from command line to 'False'
[4.494s] Level 5:colcon.colcon_core.verb:set package 'py_pubsub' build argument 'cmake_force_configure' from command line to 'False'
[4.494s] Level 5:colcon.colcon_core.verb:set package 'py_pubsub' build argument 'ament_cmake_args' from command line to 'None'
[4.494s] Level 5:colcon.colcon_core.verb:set package 'py_pubsub' build argument 'catkin_cmake_args' from command line to 'None'
[4.494s] Level 5:colcon.colcon_core.verb:set package 'py_pubsub' build argument 'catkin_skip_building_tests' from command line to 'False'
[4.494s] DEBUG:colcon.colcon_core.verb:Building package 'py_pubsub' with the following arguments: {'ament_cmake_args': None, 'build_base': '/home/gavri/Documents/Code/ApolloSim/ROS2_WS/src/build/py_pubsub', 'catkin_cmake_args': None, 'catkin_skip_building_tests': False, 'cmake_args': None, 'cmake_clean_cache': False, 'cmake_clean_first': False, 'cmake_force_configure': False, 'cmake_target': None, 'cmake_target_skip_unavailable': False, 'install_base': '/home/gavri/Documents/Code/ApolloSim/ROS2_WS/src/install/py_pubsub', 'merge_install': False, 'path': '/home/gavri/Documents/Code/ApolloSim/ROS2_WS/src/py_pubsub', 'symlink_install': False, 'test_result_base': None}
[4.501s] INFO:colcon.colcon_core.executor:Executing jobs using 'parallel' executor
[4.509s] DEBUG:colcon.colcon_parallel_executor.executor.parallel:run_until_complete
[4.510s] INFO:colcon.colcon_ros.task.ament_python.build:Building ROS package in '/home/gavri/Documents/Code/ApolloSim/ROS2_WS/src/py_pubsub' with build type 'ament_python'
[4.510s] Level 1:colcon.colcon_core.shell:create_environment_hook('py_pubsub', 'ament_prefix_path')
[4.582s] INFO:colcon.colcon_core.plugin_system:Skipping extension 'colcon_core.shell.bat': Not used on non-Windows systems
[4.582s] INFO:colcon.colcon_core.shell:Creating environment hook '/home/gavri/Documents/Code/ApolloSim/ROS2_WS/src/install/py_pubsub/share/py_pubsub/hook/ament_prefix_path.ps1'
[4.590s] INFO:colcon.colcon_core.shell:Creating environment descriptor '/home/gavri/Documents/Code/ApolloSim/ROS2_WS/src/install/py_pubsub/share/py_pubsub/hook/ament_prefix_path.dsv'
[4.593s] INFO:colcon.colcon_core.shell:Creating environment hook '/home/gavri/Documents/Code/ApolloSim/ROS2_WS/src/install/py_pubsub/share/py_pubsub/hook/ament_prefix_path.sh'
[4.605s] INFO:colcon.colcon_core.shell:Skip shell extension 'powershell' for command environment: Not usable outside of PowerShell
[4.605s] DEBUG:colcon.colcon_core.shell:Skip shell extension 'dsv' for command environment
[4.808s] INFO:colcon.colcon_core.task.python.build:Building Python package in '/home/gavri/Documents/Code/ApolloSim/ROS2_WS/src/py_pubsub'
[4.816s] INFO:colcon.colcon_core.shell:Skip shell extension 'powershell' for command environment: Not usable outside of PowerShell
[4.816s] DEBUG:colcon.colcon_core.shell:Skip shell extension 'dsv' for command environment
[5.606s] DEBUG:colcon.colcon_core.event_handler.log_command:Invoking command in '/home/gavri/Documents/Code/ApolloSim/ROS2_WS/src/py_pubsub': PYTHONPATH=/home/gavri/Documents/Code/ApolloSim/ROS2_WS/src/build/py_pubsub/prefix_override:/home/gavri/Documents/Code/ApolloSim/ROS2_WS/src/install/py_pubsub/lib/python3.10/site-packages:${PYTHONPATH} /usr/bin/python3 setup.py egg_info --egg-base ../build/py_pubsub build --build-base /home/gavri/Documents/Code/ApolloSim/ROS2_WS/src/build/py_pubsub/build install --record /home/gavri/Documents/Code/ApolloSim/ROS2_WS/src/build/py_pubsub/install.log --single-version-externally-managed
[5.779s] DEBUG:colcon.colcon_core.event_handler.log_command:Invoked command in '/home/gavri/Documents/Code/ApolloSim/ROS2_WS/src/py_pubsub' returned '0': PYTHONPATH=/home/gavri/Documents/Code/ApolloSim/ROS2_WS/src/build/py_pubsub/prefix_override:/home/gavri/Documents/Code/ApolloSim/ROS2_WS/src/install/py_pubsub/lib/python3.10/site-packages:${PYTHONPATH} /usr/bin/python3 setup.py egg_info --egg-base ../build/py_pubsub build --build-base /home/gavri/Documents/Code/ApolloSim/ROS2_WS/src/build/py_pubsub/build install --record /home/gavri/Documents/Code/ApolloSim/ROS2_WS/src/build/py_pubsub/install.log --single-version-externally-managed
[5.877s] Level 1:colcon.colcon_core.environment:checking '/home/gavri/Documents/Code/ApolloSim/ROS2_WS/src/install/py_pubsub' for CMake module files
[5.878s] Level 1:colcon.colcon_core.environment:checking '/home/gavri/Documents/Code/ApolloSim/ROS2_WS/src/install/py_pubsub' for CMake config files
[5.879s] Level 1:colcon.colcon_core.environment:checking '/home/gavri/Documents/Code/ApolloSim/ROS2_WS/src/install/py_pubsub/lib'
[5.879s] Level 1:colcon.colcon_core.environment:checking '/home/gavri/Documents/Code/ApolloSim/ROS2_WS/src/install/py_pubsub/bin'
[5.879s] Level 1:colcon.colcon_core.environment:checking '/home/gavri/Documents/Code/ApolloSim/ROS2_WS/src/install/py_pubsub/lib/pkgconfig/py_pubsub.pc'
[5.880s] Level 1:colcon.colcon_core.environment:checking '/home/gavri/Documents/Code/ApolloSim/ROS2_WS/src/install/py_pubsub/lib/python3.10/site-packages'
[5.880s] Level 1:colcon.colcon_core.shell:create_environment_hook('py_pubsub', 'pythonpath')
[5.900s] INFO:colcon.colcon_core.shell:Creating environment hook '/home/gavri/Documents/Code/ApolloSim/ROS2_WS/src/install/py_pubsub/share/py_pubsub/hook/pythonpath.ps1'
[5.900s] INFO:colcon.colcon_core.shell:Creating environment descriptor '/home/gavri/Documents/Code/ApolloSim/ROS2_WS/src/install/py_pubsub/share/py_pubsub/hook/pythonpath.dsv'
[5.901s] INFO:colcon.colcon_core.shell:Creating environment hook '/home/gavri/Documents/Code/ApolloSim/ROS2_WS/src/install/py_pubsub/share/py_pubsub/hook/pythonpath.sh'
[5.901s] Level 1:colcon.colcon_core.environment:checking '/home/gavri/Documents/Code/ApolloSim/ROS2_WS/src/install/py_pubsub/bin'
[5.901s] Level 1:colcon.colcon_core.environment:create_environment_scripts_only(py_pubsub)
[5.909s] INFO:colcon.colcon_core.shell:Creating package script '/home/gavri/Documents/Code/ApolloSim/ROS2_WS/src/install/py_pubsub/share/py_pubsub/package.ps1'
[5.909s] INFO:colcon.colcon_core.shell:Creating package descriptor '/home/gavri/Documents/Code/ApolloSim/ROS2_WS/src/install/py_pubsub/share/py_pubsub/package.dsv'
[5.913s] INFO:colcon.colcon_core.shell:Creating package script '/home/gavri/Documents/Code/ApolloSim/ROS2_WS/src/install/py_pubsub/share/py_pubsub/package.sh'
[5.918s] INFO:colcon.colcon_core.shell:Creating package script '/home/gavri/Documents/Code/ApolloSim/ROS2_WS/src/install/py_pubsub/share/py_pubsub/package.bash'
[5.926s] INFO:colcon.colcon_core.shell:Creating package script '/home/gavri/Documents/Code/ApolloSim/ROS2_WS/src/install/py_pubsub/share/py_pubsub/package.zsh'
[5.934s] Level 1:colcon.colcon_core.environment:create_file_with_runtime_dependencies(/home/gavri/Documents/Code/ApolloSim/ROS2_WS/src/install/py_pubsub/share/colcon-core/packages/py_pubsub)
[5.935s] DEBUG:colcon.colcon_parallel_executor.executor.parallel:closing loop
[5.935s] DEBUG:colcon.colcon_parallel_executor.executor.parallel:loop closed
[5.935s] DEBUG:colcon.colcon_parallel_executor.executor.parallel:run_until_complete finished with '0'
[5.936s] DEBUG:colcon.colcon_core.event_reactor:joining thread
[5.972s] INFO:colcon.colcon_core.plugin_system:Skipping extension 'colcon_notification.desktop_notification.terminal_notifier': Not used on non-Darwin systems
[5.972s] INFO:colcon.colcon_core.plugin_system:Skipping extension 'colcon_notification.desktop_notification.win32': Not used on non-Windows systems
[5.972s] INFO:colcon.colcon_notification.desktop_notification:Sending desktop notification using 'notify2'
[5.995s] DEBUG:colcon.colcon_core.event_reactor:joined thread
[6.004s] INFO:colcon.colcon_core.shell:Creating prefix script '/home/gavri/Documents/Code/ApolloSim/ROS2_WS/src/install/local_setup.ps1'
[6.005s] INFO:colcon.colcon_core.shell:Creating prefix util module '/home/gavri/Documents/Code/ApolloSim/ROS2_WS/src/install/_local_setup_util_ps1.py'
[6.009s] INFO:colcon.colcon_core.shell:Creating prefix chain script '/home/gavri/Documents/Code/ApolloSim/ROS2_WS/src/install/setup.ps1'
[6.024s] INFO:colcon.colcon_core.shell:Creating prefix script '/home/gavri/Documents/Code/ApolloSim/ROS2_WS/src/install/local_setup.sh'
[6.033s] INFO:colcon.colcon_core.shell:Creating prefix util module '/home/gavri/Documents/Code/ApolloSim/ROS2_WS/src/install/_local_setup_util_sh.py'
[6.033s] INFO:colcon.colcon_core.shell:Creating prefix chain script '/home/gavri/Documents/Code/ApolloSim/ROS2_WS/src/install/setup.sh'
[6.047s] INFO:colcon.colcon_core.shell:Creating prefix script '/home/gavri/Documents/Code/ApolloSim/ROS2_WS/src/install/local_setup.bash'
[6.050s] INFO:colcon.colcon_core.shell:Creating prefix chain script '/home/gavri/Documents/Code/ApolloSim/ROS2_WS/src/install/setup.bash'
[6.062s] INFO:colcon.colcon_core.shell:Creating prefix script '/home/gavri/Documents/Code/ApolloSim/ROS2_WS/src/install/local_setup.zsh'
[6.065s] INFO:colcon.colcon_core.shell:Creating prefix chain script '/home/gavri/Documents/Code/ApolloSim/ROS2_WS/src/install/setup.zsh'
