[0.046s] Invoking command in '/home/gavri/Documents/Code/ApolloSim/ROS2_WS/src/build/rplidar_ros': CMAKE_PREFIX_PATH=${CMAKE_PREFIX_PATH}:/home/gavri/Documents/Code/ApolloSim/ROS2_WS/src/install/py_pubsub:/home/gavri/Documents/Code/rplidar_ros2/src/install/py_pubsub:/opt/ros/humble /usr/bin/cmake /home/gavri/Documents/Code/ApolloSim/ROS2_WS/src/rplidar_ros2 -DCMAKE_INSTALL_PREFIX=/home/gavri/Documents/Code/ApolloSim/ROS2_WS/src/install/rplidar_ros
[0.054s] -- Found ament_cmake_auto: 1.3.7 (/opt/ros/humble/share/ament_cmake_auto/cmake)
[0.140s] -- Override CMake install command with custom implementation using symlinks instead of copying resources
[0.145s] -- Found ament_cmake_ros: 0.10.0 (/opt/ros/humble/share/ament_cmake_ros/cmake)
[0.199s] -- Found rosidl_generator_c: 3.1.5 (/opt/ros/humble/share/rosidl_generator_c/cmake)
[0.200s] -- Found rosidl_adapter: 3.1.5 (/opt/ros/humble/share/rosidl_adapter/cmake)
[0.203s] -- Found rosidl_generator_cpp: 3.1.5 (/opt/ros/humble/share/rosidl_generator_cpp/cmake)
[0.210s] -- Using all available rosidl_typesupport_c: rosidl_typesupport_fastrtps_c;rosidl_typesupport_introspection_c
[0.219s] -- Using all available rosidl_typesupport_cpp: rosidl_typesupport_fastrtps_cpp;rosidl_typesupport_introspection_cpp
[0.251s] -- Found rmw_implementation_cmake: 6.1.1 (/opt/ros/humble/share/rmw_implementation_cmake/cmake)
[0.252s] -- Found rmw_fastrtps_cpp: 6.2.6 (/opt/ros/humble/share/rmw_fastrtps_cpp/cmake)
[0.319s] -- Using RMW implementation 'rmw_fastrtps_cpp' as default
[0.533s] -- Configuring done
[0.541s] -- Generating done
[0.542s] -- Build files have been written to: /home/gavri/Documents/Code/ApolloSim/ROS2_WS/src/build/rplidar_ros
[0.547s] Invoked command in '/home/gavri/Documents/Code/ApolloSim/ROS2_WS/src/build/rplidar_ros' returned '0': CMAKE_PREFIX_PATH=${CMAKE_PREFIX_PATH}:/home/gavri/Documents/Code/ApolloSim/ROS2_WS/src/install/py_pubsub:/home/gavri/Documents/Code/rplidar_ros2/src/install/py_pubsub:/opt/ros/humble /usr/bin/cmake /home/gavri/Documents/Code/ApolloSim/ROS2_WS/src/rplidar_ros2 -DCMAKE_INSTALL_PREFIX=/home/gavri/Documents/Code/ApolloSim/ROS2_WS/src/install/rplidar_ros
[0.549s] Invoking command in '/home/gavri/Documents/Code/ApolloSim/ROS2_WS/src/build/rplidar_ros': CMAKE_PREFIX_PATH=${CMAKE_PREFIX_PATH}:/home/gavri/Documents/Code/ApolloSim/ROS2_WS/src/install/py_pubsub:/home/gavri/Documents/Code/rplidar_ros2/src/install/py_pubsub:/opt/ros/humble /usr/bin/cmake --build /home/gavri/Documents/Code/ApolloSim/ROS2_WS/src/build/rplidar_ros -- -j8 -l8
[0.574s] [35m[1mConsolidate compiler generated dependencies of target rplidar_composition_node[0m
[0.594s] [ 77%] Built target rplidar_composition_node
[0.603s] [35m[1mConsolidate compiler generated dependencies of target rplidar_composition[0m
[0.614s] [100%] Built target rplidar_composition
[0.625s] Invoked command in '/home/gavri/Documents/Code/ApolloSim/ROS2_WS/src/build/rplidar_ros' returned '0': CMAKE_PREFIX_PATH=${CMAKE_PREFIX_PATH}:/home/gavri/Documents/Code/ApolloSim/ROS2_WS/src/install/py_pubsub:/home/gavri/Documents/Code/rplidar_ros2/src/install/py_pubsub:/opt/ros/humble /usr/bin/cmake --build /home/gavri/Documents/Code/ApolloSim/ROS2_WS/src/build/rplidar_ros -- -j8 -l8
[0.659s] Invoking command in '/home/gavri/Documents/Code/ApolloSim/ROS2_WS/src/build/rplidar_ros': CMAKE_PREFIX_PATH=${CMAKE_PREFIX_PATH}:/home/gavri/Documents/Code/ApolloSim/ROS2_WS/src/install/py_pubsub:/home/gavri/Documents/Code/rplidar_ros2/src/install/py_pubsub:/opt/ros/humble /usr/bin/cmake --install /home/gavri/Documents/Code/ApolloSim/ROS2_WS/src/build/rplidar_ros
[0.664s] -- Install configuration: ""
[0.664s] -- Execute custom install script
[0.665s] -- Up-to-date symlink: /home/gavri/Documents/Code/ApolloSim/ROS2_WS/src/install/rplidar_ros/lib/rplidar_ros/rplidar_composition
[0.665s] -- Up-to-date symlink: /home/gavri/Documents/Code/ApolloSim/ROS2_WS/src/install/rplidar_ros/share/rplidar_ros/launch/rplidar.launch.py
[0.665s] -- Up-to-date symlink: /home/gavri/Documents/Code/ApolloSim/ROS2_WS/src/install/rplidar_ros/share/rplidar_ros/launch/rplidar_a3.launch.py
[0.665s] -- Up-to-date symlink: /home/gavri/Documents/Code/ApolloSim/ROS2_WS/src/install/rplidar_ros/share/rplidar_ros/launch/rplidar_s1.launch.py
[0.665s] -- Up-to-date symlink: /home/gavri/Documents/Code/ApolloSim/ROS2_WS/src/install/rplidar_ros/share/rplidar_ros/launch/rplidar_s1_tcp.launch.py
[0.665s] -- Up-to-date symlink: /home/gavri/Documents/Code/ApolloSim/ROS2_WS/src/install/rplidar_ros/share/rplidar_ros/launch/test_rplidar_a3.launch.py
[0.665s] -- Up-to-date symlink: /home/gavri/Documents/Code/ApolloSim/ROS2_WS/src/install/rplidar_ros/share/rplidar_ros/launch/view_rplidar.launch.py
[0.665s] -- Up-to-date symlink: /home/gavri/Documents/Code/ApolloSim/ROS2_WS/src/install/rplidar_ros/share/rplidar_ros/launch/view_rplidar_a3.launch.py
[0.665s] -- Up-to-date symlink: /home/gavri/Documents/Code/ApolloSim/ROS2_WS/src/install/rplidar_ros/share/rplidar_ros/launch/view_rplidar_s1.launch.py
[0.665s] -- Up-to-date symlink: /home/gavri/Documents/Code/ApolloSim/ROS2_WS/src/install/rplidar_ros/share/rplidar_ros/launch/view_rplidar_s1_tcp.launch.py
[0.665s] -- Up-to-date symlink: /home/gavri/Documents/Code/ApolloSim/ROS2_WS/src/install/rplidar_ros/share/rplidar_ros/rviz/rplidar.rviz
[0.665s] -- Up-to-date symlink: /home/gavri/Documents/Code/ApolloSim/ROS2_WS/src/install/rplidar_ros/lib/librplidar_composition_node.so
[0.666s] -- Up-to-date symlink: /home/gavri/Documents/Code/ApolloSim/ROS2_WS/src/install/rplidar_ros/include/rplidar_node.hpp
[0.666s] -- Up-to-date symlink: /home/gavri/Documents/Code/ApolloSim/ROS2_WS/src/install/rplidar_ros/include/visibility.h
[0.666s] -- Up-to-date symlink: /home/gavri/Documents/Code/ApolloSim/ROS2_WS/src/install/rplidar_ros/lib/rplidar_ros/rplidar_composition
[0.666s] -- Up-to-date symlink: /home/gavri/Documents/Code/ApolloSim/ROS2_WS/src/install/rplidar_ros/share/ament_index/resource_index/package_run_dependencies/rplidar_ros
[0.666s] -- Up-to-date symlink: /home/gavri/Documents/Code/ApolloSim/ROS2_WS/src/install/rplidar_ros/share/ament_index/resource_index/parent_prefix_path/rplidar_ros
[0.666s] -- Up-to-date symlink: /home/gavri/Documents/Code/ApolloSim/ROS2_WS/src/install/rplidar_ros/share/rplidar_ros/environment/ament_prefix_path.sh
[0.667s] -- Up-to-date symlink: /home/gavri/Documents/Code/ApolloSim/ROS2_WS/src/install/rplidar_ros/share/rplidar_ros/environment/ament_prefix_path.dsv
[0.667s] -- Up-to-date symlink: /home/gavri/Documents/Code/ApolloSim/ROS2_WS/src/install/rplidar_ros/share/rplidar_ros/environment/path.sh
[0.667s] -- Up-to-date symlink: /home/gavri/Documents/Code/ApolloSim/ROS2_WS/src/install/rplidar_ros/share/rplidar_ros/environment/path.dsv
[0.667s] -- Up-to-date symlink: /home/gavri/Documents/Code/ApolloSim/ROS2_WS/src/install/rplidar_ros/share/rplidar_ros/local_setup.bash
[0.667s] -- Up-to-date symlink: /home/gavri/Documents/Code/ApolloSim/ROS2_WS/src/install/rplidar_ros/share/rplidar_ros/local_setup.sh
[0.667s] -- Up-to-date symlink: /home/gavri/Documents/Code/ApolloSim/ROS2_WS/src/install/rplidar_ros/share/rplidar_ros/local_setup.zsh
[0.667s] -- Up-to-date symlink: /home/gavri/Documents/Code/ApolloSim/ROS2_WS/src/install/rplidar_ros/share/rplidar_ros/local_setup.dsv
[0.667s] -- Symlinking: /home/gavri/Documents/Code/ApolloSim/ROS2_WS/src/install/rplidar_ros/share/rplidar_ros/package.dsv
[0.672s] -- Up-to-date symlink: /home/gavri/Documents/Code/ApolloSim/ROS2_WS/src/install/rplidar_ros/share/ament_index/resource_index/packages/rplidar_ros
[0.672s] -- Up-to-date symlink: /home/gavri/Documents/Code/ApolloSim/ROS2_WS/src/install/rplidar_ros/share/ament_index/resource_index/rclcpp_components/rplidar_ros
[0.672s] -- Up-to-date symlink: /home/gavri/Documents/Code/ApolloSim/ROS2_WS/src/install/rplidar_ros/share/rplidar_ros/cmake/ament_cmake_export_dependencies-extras.cmake
[0.672s] -- Up-to-date symlink: /home/gavri/Documents/Code/ApolloSim/ROS2_WS/src/install/rplidar_ros/share/rplidar_ros/cmake/ament_cmake_export_include_directories-extras.cmake
[0.672s] -- Up-to-date symlink: /home/gavri/Documents/Code/ApolloSim/ROS2_WS/src/install/rplidar_ros/share/rplidar_ros/cmake/rplidar_rosConfig.cmake
[0.672s] -- Up-to-date symlink: /home/gavri/Documents/Code/ApolloSim/ROS2_WS/src/install/rplidar_ros/share/rplidar_ros/cmake/rplidar_rosConfig-version.cmake
[0.673s] -- Up-to-date symlink: /home/gavri/Documents/Code/ApolloSim/ROS2_WS/src/install/rplidar_ros/share/rplidar_ros/package.xml
[0.674s] Invoked command in '/home/gavri/Documents/Code/ApolloSim/ROS2_WS/src/build/rplidar_ros' returned '0': CMAKE_PREFIX_PATH=${CMAKE_PREFIX_PATH}:/home/gavri/Documents/Code/ApolloSim/ROS2_WS/src/install/py_pubsub:/home/gavri/Documents/Code/rplidar_ros2/src/install/py_pubsub:/opt/ros/humble /usr/bin/cmake --install /home/gavri/Documents/Code/ApolloSim/ROS2_WS/src/build/rplidar_ros
