-- The C compiler identification is GNU 11.4.0
-- The CXX compiler identification is GNU 11.4.0
-- Detecting C compiler ABI info
-- Detecting C compiler ABI info - done
-- Check for working C compiler: /usr/bin/cc - skipped
-- Detecting C compile features
-- Detecting C compile features - done
-- Detecting CXX compiler ABI info
-- Detecting CXX compiler ABI info - done
-- Check for working CXX compiler: /usr/bin/c++ - skipped
-- Detecting CXX compile features
-- Detecting CXX compile features - done
-- Found ament_cmake_auto: 1.3.7 (/opt/ros/humble/share/ament_cmake_auto/cmake)
-- Found Python3: /usr/bin/python3.10 (found version "3.10.12") found components: Interpreter 
-- Override CMake install command with custom implementation using symlinks instead of copying resources
-- Found ament_cmake_ros: 0.10.0 (/opt/ros/humble/share/ament_cmake_ros/cmake)
-- Found rosidl_generator_c: 3.1.5 (/opt/ros/humble/share/rosidl_generator_c/cmake)
-- Found rosidl_adapter: 3.1.5 (/opt/ros/humble/share/rosidl_adapter/cmake)
-- Found rosidl_generator_cpp: 3.1.5 (/opt/ros/humble/share/rosidl_generator_cpp/cmake)
-- Using all available rosidl_typesupport_c: rosidl_typesupport_fastrtps_c;rosidl_typesupport_introspection_c
-- Using all available rosidl_typesupport_cpp: rosidl_typesupport_fastrtps_cpp;rosidl_typesupport_introspection_cpp
-- Found rmw_implementation_cmake: 6.1.1 (/opt/ros/humble/share/rmw_implementation_cmake/cmake)
-- Found rmw_fastrtps_cpp: 6.2.6 (/opt/ros/humble/share/rmw_fastrtps_cpp/cmake)
-- Found OpenSSL: /usr/lib/x86_64-linux-gnu/libcrypto.so (found version "3.0.2")  
-- Found FastRTPS: /opt/ros/humble/include  
-- Using RMW implementation 'rmw_fastrtps_cpp' as default
-- Looking for pthread.h
-- Looking for pthread.h - found
-- Performing Test CMAKE_HAVE_LIBC_PTHREAD
-- Performing Test CMAKE_HAVE_LIBC_PTHREAD - Success
-- Found Threads: TRUE  
-- Configuring done
-- Generating done
-- Build files have been written to: /home/gavri/Documents/Code/ApolloSim/ROS2_WS/src/build/rplidar_ros
[ 11%] [32mBuilding CXX object CMakeFiles/rplidar_composition_node.dir/sdk/src/arch/linux/net_serial.cpp.o[0m
[ 22%] [32mBuilding CXX object CMakeFiles/rplidar_composition_node.dir/sdk/src/rplidar_driver.cpp.o[0m
[ 33%] [32mBuilding CXX object CMakeFiles/rplidar_composition_node.dir/src/rplidar_node.cpp.o[0m
[ 44%] [32mBuilding CXX object CMakeFiles/rplidar_composition_node.dir/sdk/src/arch/linux/net_socket.cpp.o[0m
[ 66%] [32mBuilding CXX object CMakeFiles/rplidar_composition_node.dir/sdk/src/arch/linux/timer.cpp.o[0m
[ 66%] [32mBuilding CXX object CMakeFiles/rplidar_composition_node.dir/sdk/src/hal/thread.cpp.o[0m
[ 77%] [32m[1mLinking CXX shared library librplidar_composition_node.so[0m
[ 77%] Built target rplidar_composition_node
[ 88%] [32mBuilding CXX object CMakeFiles/rplidar_composition.dir/src/standalone_rplidar.cpp.o[0m
[100%] [32m[1mLinking CXX executable rplidar_composition[0m
[100%] Built target rplidar_composition
-- Install configuration: ""
-- Execute custom install script
-- Symlinking: /home/gavri/Documents/Code/ApolloSim/ROS2_WS/src/install/rplidar_ros/lib/rplidar_ros/rplidar_composition
-- Symlinking: /home/gavri/Documents/Code/ApolloSim/ROS2_WS/src/install/rplidar_ros/share/rplidar_ros/launch/rplidar.launch.py
-- Symlinking: /home/gavri/Documents/Code/ApolloSim/ROS2_WS/src/install/rplidar_ros/share/rplidar_ros/launch/rplidar_a3.launch.py
-- Symlinking: /home/gavri/Documents/Code/ApolloSim/ROS2_WS/src/install/rplidar_ros/share/rplidar_ros/launch/rplidar_s1.launch.py
-- Symlinking: /home/gavri/Documents/Code/ApolloSim/ROS2_WS/src/install/rplidar_ros/share/rplidar_ros/launch/rplidar_s1_tcp.launch.py
-- Symlinking: /home/gavri/Documents/Code/ApolloSim/ROS2_WS/src/install/rplidar_ros/share/rplidar_ros/launch/test_rplidar_a3.launch.py
-- Symlinking: /home/gavri/Documents/Code/ApolloSim/ROS2_WS/src/install/rplidar_ros/share/rplidar_ros/launch/view_rplidar.launch.py
-- Symlinking: /home/gavri/Documents/Code/ApolloSim/ROS2_WS/src/install/rplidar_ros/share/rplidar_ros/launch/view_rplidar_a3.launch.py
-- Symlinking: /home/gavri/Documents/Code/ApolloSim/ROS2_WS/src/install/rplidar_ros/share/rplidar_ros/launch/view_rplidar_s1.launch.py
-- Symlinking: /home/gavri/Documents/Code/ApolloSim/ROS2_WS/src/install/rplidar_ros/share/rplidar_ros/launch/view_rplidar_s1_tcp.launch.py
-- Symlinking: /home/gavri/Documents/Code/ApolloSim/ROS2_WS/src/install/rplidar_ros/share/rplidar_ros/rviz/rplidar.rviz
-- Symlinking: /home/gavri/Documents/Code/ApolloSim/ROS2_WS/src/install/rplidar_ros/lib/librplidar_composition_node.so
-- Symlinking: /home/gavri/Documents/Code/ApolloSim/ROS2_WS/src/install/rplidar_ros/include/rplidar_node.hpp
-- Symlinking: /home/gavri/Documents/Code/ApolloSim/ROS2_WS/src/install/rplidar_ros/include/visibility.h
-- Up-to-date symlink: /home/gavri/Documents/Code/ApolloSim/ROS2_WS/src/install/rplidar_ros/lib/rplidar_ros/rplidar_composition
-- Symlinking: /home/gavri/Documents/Code/ApolloSim/ROS2_WS/src/install/rplidar_ros/share/ament_index/resource_index/package_run_dependencies/rplidar_ros
-- Symlinking: /home/gavri/Documents/Code/ApolloSim/ROS2_WS/src/install/rplidar_ros/share/ament_index/resource_index/parent_prefix_path/rplidar_ros
-- Symlinking: /home/gavri/Documents/Code/ApolloSim/ROS2_WS/src/install/rplidar_ros/share/rplidar_ros/environment/ament_prefix_path.sh
-- Symlinking: /home/gavri/Documents/Code/ApolloSim/ROS2_WS/src/install/rplidar_ros/share/rplidar_ros/environment/ament_prefix_path.dsv
-- Symlinking: /home/gavri/Documents/Code/ApolloSim/ROS2_WS/src/install/rplidar_ros/share/rplidar_ros/environment/path.sh
-- Symlinking: /home/gavri/Documents/Code/ApolloSim/ROS2_WS/src/install/rplidar_ros/share/rplidar_ros/environment/path.dsv
-- Symlinking: /home/gavri/Documents/Code/ApolloSim/ROS2_WS/src/install/rplidar_ros/share/rplidar_ros/local_setup.bash
-- Symlinking: /home/gavri/Documents/Code/ApolloSim/ROS2_WS/src/install/rplidar_ros/share/rplidar_ros/local_setup.sh
-- Symlinking: /home/gavri/Documents/Code/ApolloSim/ROS2_WS/src/install/rplidar_ros/share/rplidar_ros/local_setup.zsh
-- Symlinking: /home/gavri/Documents/Code/ApolloSim/ROS2_WS/src/install/rplidar_ros/share/rplidar_ros/local_setup.dsv
-- Symlinking: /home/gavri/Documents/Code/ApolloSim/ROS2_WS/src/install/rplidar_ros/share/rplidar_ros/package.dsv
-- Symlinking: /home/gavri/Documents/Code/ApolloSim/ROS2_WS/src/install/rplidar_ros/share/ament_index/resource_index/packages/rplidar_ros
-- Symlinking: /home/gavri/Documents/Code/ApolloSim/ROS2_WS/src/install/rplidar_ros/share/ament_index/resource_index/rclcpp_components/rplidar_ros
-- Symlinking: /home/gavri/Documents/Code/ApolloSim/ROS2_WS/src/install/rplidar_ros/share/rplidar_ros/cmake/ament_cmake_export_dependencies-extras.cmake
-- Symlinking: /home/gavri/Documents/Code/ApolloSim/ROS2_WS/src/install/rplidar_ros/share/rplidar_ros/cmake/ament_cmake_export_include_directories-extras.cmake
-- Symlinking: /home/gavri/Documents/Code/ApolloSim/ROS2_WS/src/install/rplidar_ros/share/rplidar_ros/cmake/rplidar_rosConfig.cmake
-- Symlinking: /home/gavri/Documents/Code/ApolloSim/ROS2_WS/src/install/rplidar_ros/share/rplidar_ros/cmake/rplidar_rosConfig-version.cmake
-- Symlinking: /home/gavri/Documents/Code/ApolloSim/ROS2_WS/src/install/rplidar_ros/share/rplidar_ros/package.xml
