[1.097s] Invoking command in '/home/gavri/Documents/Code/ApolloSim/ROS2_WS/src/py_pubsub': PYTHONPATH=/home/gavri/Documents/Code/ApolloSim/ROS2_WS/src/build/py_pubsub/prefix_override:/home/gavri/Documents/Code/ApolloSim/ROS2_WS/src/install/py_pubsub/lib/python3.10/site-packages:${PYTHONPATH} /usr/bin/python3 setup.py egg_info --egg-base ../build/py_pubsub build --build-base /home/gavri/Documents/Code/ApolloSim/ROS2_WS/src/build/py_pubsub/build install --record /home/gavri/Documents/Code/ApolloSim/ROS2_WS/src/build/py_pubsub/install.log --single-version-externally-managed
[1.229s] running egg_info
[1.229s] creating ../build/py_pubsub/py_pubsub.egg-info
[1.230s] writing ../build/py_pubsub/py_pubsub.egg-info/PKG-INFO
[1.230s] writing dependency_links to ../build/py_pubsub/py_pubsub.egg-info/dependency_links.txt
[1.230s] writing entry points to ../build/py_pubsub/py_pubsub.egg-info/entry_points.txt
[1.230s] writing requirements to ../build/py_pubsub/py_pubsub.egg-info/requires.txt
[1.230s] writing top-level names to ../build/py_pubsub/py_pubsub.egg-info/top_level.txt
[1.230s] writing manifest file '../build/py_pubsub/py_pubsub.egg-info/SOURCES.txt'
[1.231s] reading manifest file '../build/py_pubsub/py_pubsub.egg-info/SOURCES.txt'
[1.231s] adding license file 'LICENSE'
[1.232s] writing manifest file '../build/py_pubsub/py_pubsub.egg-info/SOURCES.txt'
[1.232s] running build
[1.232s] running build_py
[1.232s] creating /home/gavri/Documents/Code/ApolloSim/ROS2_WS/src/build/py_pubsub/build
[1.232s] creating /home/gavri/Documents/Code/ApolloSim/ROS2_WS/src/build/py_pubsub/build/lib
[1.232s] creating /home/gavri/Documents/Code/ApolloSim/ROS2_WS/src/build/py_pubsub/build/lib/py_pubsub
[1.232s] copying py_pubsub/subscriber_member_function.py -> /home/gavri/Documents/Code/ApolloSim/ROS2_WS/src/build/py_pubsub/build/lib/py_pubsub
[1.232s] copying py_pubsub/__init__.py -> /home/gavri/Documents/Code/ApolloSim/ROS2_WS/src/build/py_pubsub/build/lib/py_pubsub
[1.232s] copying py_pubsub/publisher_member_function.py -> /home/gavri/Documents/Code/ApolloSim/ROS2_WS/src/build/py_pubsub/build/lib/py_pubsub
[1.232s] running install
[1.236s] /usr/lib/python3/dist-packages/setuptools/command/install.py:34: SetuptoolsDeprecationWarning: setup.py install is deprecated. Use build and pip and other standards-based tools.
[1.236s]   warnings.warn(
[1.237s] running install_lib
[1.237s] creating /home/gavri/Documents/Code/ApolloSim/ROS2_WS/src/install/py_pubsub/lib/python3.10/site-packages/py_pubsub
[1.237s] copying /home/gavri/Documents/Code/ApolloSim/ROS2_WS/src/build/py_pubsub/build/lib/py_pubsub/subscriber_member_function.py -> /home/gavri/Documents/Code/ApolloSim/ROS2_WS/src/install/py_pubsub/lib/python3.10/site-packages/py_pubsub
[1.237s] copying /home/gavri/Documents/Code/ApolloSim/ROS2_WS/src/build/py_pubsub/build/lib/py_pubsub/__init__.py -> /home/gavri/Documents/Code/ApolloSim/ROS2_WS/src/install/py_pubsub/lib/python3.10/site-packages/py_pubsub
[1.237s] copying /home/gavri/Documents/Code/ApolloSim/ROS2_WS/src/build/py_pubsub/build/lib/py_pubsub/publisher_member_function.py -> /home/gavri/Documents/Code/ApolloSim/ROS2_WS/src/install/py_pubsub/lib/python3.10/site-packages/py_pubsub
[1.238s] byte-compiling /home/gavri/Documents/Code/ApolloSim/ROS2_WS/src/install/py_pubsub/lib/python3.10/site-packages/py_pubsub/subscriber_member_function.py to subscriber_member_function.cpython-310.pyc
[1.238s] byte-compiling /home/gavri/Documents/Code/ApolloSim/ROS2_WS/src/install/py_pubsub/lib/python3.10/site-packages/py_pubsub/__init__.py to __init__.cpython-310.pyc
[1.238s] byte-compiling /home/gavri/Documents/Code/ApolloSim/ROS2_WS/src/install/py_pubsub/lib/python3.10/site-packages/py_pubsub/publisher_member_function.py to publisher_member_function.cpython-310.pyc
[1.238s] running install_data
[1.239s] creating /home/gavri/Documents/Code/ApolloSim/ROS2_WS/src/install/py_pubsub/share/ament_index
[1.239s] creating /home/gavri/Documents/Code/ApolloSim/ROS2_WS/src/install/py_pubsub/share/ament_index/resource_index
[1.239s] creating /home/gavri/Documents/Code/ApolloSim/ROS2_WS/src/install/py_pubsub/share/ament_index/resource_index/packages
[1.239s] copying resource/py_pubsub -> /home/gavri/Documents/Code/ApolloSim/ROS2_WS/src/install/py_pubsub/share/ament_index/resource_index/packages
[1.239s] copying package.xml -> /home/gavri/Documents/Code/ApolloSim/ROS2_WS/src/install/py_pubsub/share/py_pubsub
[1.239s] running install_egg_info
[1.240s] Copying ../build/py_pubsub/py_pubsub.egg-info to /home/gavri/Documents/Code/ApolloSim/ROS2_WS/src/install/py_pubsub/lib/python3.10/site-packages/py_pubsub-0.0.0-py3.10.egg-info
[1.240s] running install_scripts
[1.253s] Installing listener script to /home/gavri/Documents/Code/ApolloSim/ROS2_WS/src/install/py_pubsub/lib/py_pubsub
[1.253s] Installing talker script to /home/gavri/Documents/Code/ApolloSim/ROS2_WS/src/install/py_pubsub/lib/py_pubsub
[1.253s] writing list of installed files to '/home/gavri/Documents/Code/ApolloSim/ROS2_WS/src/build/py_pubsub/install.log'
[1.269s] Invoked command in '/home/gavri/Documents/Code/ApolloSim/ROS2_WS/src/py_pubsub' returned '0': PYTHONPATH=/home/gavri/Documents/Code/ApolloSim/ROS2_WS/src/build/py_pubsub/prefix_override:/home/gavri/Documents/Code/ApolloSim/ROS2_WS/src/install/py_pubsub/lib/python3.10/site-packages:${PYTHONPATH} /usr/bin/python3 setup.py egg_info --egg-base ../build/py_pubsub build --build-base /home/gavri/Documents/Code/ApolloSim/ROS2_WS/src/build/py_pubsub/build install --record /home/gavri/Documents/Code/ApolloSim/ROS2_WS/src/build/py_pubsub/install.log --single-version-externally-managed
