[0.482s] DEBUG:colcon:Command line arguments: ['/usr/bin/colcon', 'build', '--symlink-install']
[0.482s] DEBUG:colcon:Parsed command line arguments: Namespace(log_base=None, log_level=None, verb_name='build', build_base='build', install_base='install', merge_install=False, symlink_install=True, test_result_base=None, continue_on_error=False, executor='parallel', parallel_workers=8, event_handlers=None, ignore_user_meta=False, metas=['./colcon.meta'], base_paths=['.'], packages_ignore=None, packages_ignore_regex=None, paths=None, packages_up_to=None, packages_up_to_regex=None, packages_above=None, packages_above_and_dependencies=None, packages_above_depth=None, packages_select_by_dep=None, packages_skip_by_dep=None, packages_skip_up_to=None, packages_select_build_failed=False, packages_skip_build_finished=False, packages_select_test_failures=False, packages_skip_test_passed=False, packages_select=None, packages_skip=None, packages_select_regex=None, packages_skip_regex=None, packages_start=None, packages_end=None, allow_overriding=[], cmake_args=None, cmake_target=None, cmake_target_skip_unavailable=False, cmake_clean_cache=False, cmake_clean_first=False, cmake_force_configure=False, ament_cmake_args=None, catkin_cmake_args=None, catkin_skip_building_tests=False, verb_parser=<colcon_defaults.argument_parser.defaults.DefaultArgumentsDecorator object at 0x7f64e4584430>, verb_extension=<colcon_core.verb.build.BuildVerb object at 0x7f64e45851e0>, main=<bound method BuildVerb.main of <colcon_core.verb.build.BuildVerb object at 0x7f64e45851e0>>)
[0.505s] Level 1:colcon.colcon_core.package_discovery:discover_packages(colcon_meta) check parameters
[0.506s] Level 1:colcon.colcon_core.package_discovery:discover_packages(recursive) check parameters
[0.506s] Level 1:colcon.colcon_core.package_discovery:discover_packages(ignore) check parameters
[0.506s] Level 1:colcon.colcon_core.package_discovery:discover_packages(path) check parameters
[0.506s] Level 1:colcon.colcon_core.package_discovery:discover_packages(colcon_meta) discover
[0.506s] Level 1:colcon.colcon_core.package_discovery:discover_packages(recursive) discover
[0.506s] INFO:colcon.colcon_core.package_discovery:Crawling recursively for packages in '/home/gavri/Documents/Code/ApolloSim/ROS2_WS/src'
[0.506s] Level 1:colcon.colcon_core.package_identification:_identify(.) by extensions ['ignore', 'ignore_ament_install']
[0.506s] Level 1:colcon.colcon_core.package_identification:_identify(.) by extension 'ignore'
[0.506s] Level 1:colcon.colcon_core.package_identification:_identify(.) by extension 'ignore_ament_install'
[0.506s] Level 1:colcon.colcon_core.package_identification:_identify(.) by extensions ['colcon_pkg']
[0.506s] Level 1:colcon.colcon_core.package_identification:_identify(.) by extension 'colcon_pkg'
[0.506s] Level 1:colcon.colcon_core.package_identification:_identify(.) by extensions ['colcon_meta']
[0.506s] Level 1:colcon.colcon_core.package_identification:_identify(.) by extension 'colcon_meta'
[0.506s] Level 1:colcon.colcon_core.package_identification:_identify(.) by extensions ['ros']
[0.506s] Level 1:colcon.colcon_core.package_identification:_identify(.) by extension 'ros'
[0.513s] Level 1:colcon.colcon_core.package_identification:_identify(.) by extensions ['cmake', 'python']
[0.513s] Level 1:colcon.colcon_core.package_identification:_identify(.) by extension 'cmake'
[0.513s] Level 1:colcon.colcon_core.package_identification:_identify(.) by extension 'python'
[0.513s] Level 1:colcon.colcon_core.package_identification:_identify(.) by extensions ['python_setup_py']
[0.513s] Level 1:colcon.colcon_core.package_identification:_identify(.) by extension 'python_setup_py'
[0.513s] Level 1:colcon.colcon_core.package_identification:_identify(build) by extensions ['ignore', 'ignore_ament_install']
[0.513s] Level 1:colcon.colcon_core.package_identification:_identify(build) by extension 'ignore'
[0.513s] Level 1:colcon.colcon_core.package_identification:_identify(build) ignored
[0.513s] Level 1:colcon.colcon_core.package_identification:_identify(install) by extensions ['ignore', 'ignore_ament_install']
[0.513s] Level 1:colcon.colcon_core.package_identification:_identify(install) by extension 'ignore'
[0.513s] Level 1:colcon.colcon_core.package_identification:_identify(install) ignored
[0.513s] Level 1:colcon.colcon_core.package_identification:_identify(log) by extensions ['ignore', 'ignore_ament_install']
[0.513s] Level 1:colcon.colcon_core.package_identification:_identify(log) by extension 'ignore'
[0.513s] Level 1:colcon.colcon_core.package_identification:_identify(log) ignored
[0.513s] Level 1:colcon.colcon_core.package_identification:_identify(py_pubsub) by extensions ['ignore', 'ignore_ament_install']
[0.513s] Level 1:colcon.colcon_core.package_identification:_identify(py_pubsub) by extension 'ignore'
[0.513s] Level 1:colcon.colcon_core.package_identification:_identify(py_pubsub) by extension 'ignore_ament_install'
[0.513s] Level 1:colcon.colcon_core.package_identification:_identify(py_pubsub) by extensions ['colcon_pkg']
[0.513s] Level 1:colcon.colcon_core.package_identification:_identify(py_pubsub) by extension 'colcon_pkg'
[0.513s] Level 1:colcon.colcon_core.package_identification:_identify(py_pubsub) by extensions ['colcon_meta']
[0.513s] Level 1:colcon.colcon_core.package_identification:_identify(py_pubsub) by extension 'colcon_meta'
[0.514s] Level 1:colcon.colcon_core.package_identification:_identify(py_pubsub) by extensions ['ros']
[0.514s] Level 1:colcon.colcon_core.package_identification:_identify(py_pubsub) by extension 'ros'
[0.515s] DEBUG:colcon.colcon_core.package_identification:Package 'py_pubsub' with type 'ros.ament_python' and name 'py_pubsub'
[0.515s] Level 1:colcon.colcon_core.package_identification:_identify(rplidar_ros2) by extensions ['ignore', 'ignore_ament_install']
[0.515s] Level 1:colcon.colcon_core.package_identification:_identify(rplidar_ros2) by extension 'ignore'
[0.515s] Level 1:colcon.colcon_core.package_identification:_identify(rplidar_ros2) by extension 'ignore_ament_install'
[0.515s] Level 1:colcon.colcon_core.package_identification:_identify(rplidar_ros2) by extensions ['colcon_pkg']
[0.515s] Level 1:colcon.colcon_core.package_identification:_identify(rplidar_ros2) by extension 'colcon_pkg'
[0.515s] Level 1:colcon.colcon_core.package_identification:_identify(rplidar_ros2) by extensions ['colcon_meta']
[0.515s] Level 1:colcon.colcon_core.package_identification:_identify(rplidar_ros2) by extension 'colcon_meta'
[0.515s] Level 1:colcon.colcon_core.package_identification:_identify(rplidar_ros2) by extensions ['ros']
[0.515s] Level 1:colcon.colcon_core.package_identification:_identify(rplidar_ros2) by extension 'ros'
[0.516s] DEBUG:colcon.colcon_core.package_identification:Package 'rplidar_ros2' with type 'ros.ament_cmake' and name 'rplidar_ros'
[0.516s] Level 1:colcon.colcon_core.package_discovery:discover_packages(recursive) using defaults
[0.516s] Level 1:colcon.colcon_core.package_discovery:discover_packages(ignore) discover
[0.516s] Level 1:colcon.colcon_core.package_discovery:discover_packages(ignore) using defaults
[0.516s] Level 1:colcon.colcon_core.package_discovery:discover_packages(path) discover
[0.516s] Level 1:colcon.colcon_core.package_discovery:discover_packages(path) using defaults
[0.561s] Level 1:colcon.colcon_core.package_discovery:discover_packages(prefix_path) check parameters
[0.561s] Level 1:colcon.colcon_core.package_discovery:discover_packages(prefix_path) discover
[0.575s] DEBUG:colcon.colcon_installed_package_information.package_discovery:Found 1 installed packages in /home/gavri/Documents/Code/ros_ws/src/rplidar_ros2/install
[0.582s] DEBUG:colcon.colcon_installed_package_information.package_discovery:Found 1 installed packages in /home/gavri/Documents/Code/rplidar_ros2/src/install
[0.590s] DEBUG:colcon.colcon_installed_package_information.package_discovery:Found 270 installed packages in /opt/ros/humble
[0.591s] Level 1:colcon.colcon_core.package_discovery:discover_packages(prefix_path) using defaults
[0.638s] Level 5:colcon.colcon_core.verb:set package 'py_pubsub' build argument 'cmake_args' from command line to 'None'
[0.638s] Level 5:colcon.colcon_core.verb:set package 'py_pubsub' build argument 'cmake_target' from command line to 'None'
[0.638s] Level 5:colcon.colcon_core.verb:set package 'py_pubsub' build argument 'cmake_target_skip_unavailable' from command line to 'False'
[0.638s] Level 5:colcon.colcon_core.verb:set package 'py_pubsub' build argument 'cmake_clean_cache' from command line to 'False'
[0.638s] Level 5:colcon.colcon_core.verb:set package 'py_pubsub' build argument 'cmake_clean_first' from command line to 'False'
[0.638s] Level 5:colcon.colcon_core.verb:set package 'py_pubsub' build argument 'cmake_force_configure' from command line to 'False'
[0.638s] Level 5:colcon.colcon_core.verb:set package 'py_pubsub' build argument 'ament_cmake_args' from command line to 'None'
[0.638s] Level 5:colcon.colcon_core.verb:set package 'py_pubsub' build argument 'catkin_cmake_args' from command line to 'None'
[0.638s] Level 5:colcon.colcon_core.verb:set package 'py_pubsub' build argument 'catkin_skip_building_tests' from command line to 'False'
[0.638s] DEBUG:colcon.colcon_core.verb:Building package 'py_pubsub' with the following arguments: {'ament_cmake_args': None, 'build_base': '/home/gavri/Documents/Code/ApolloSim/ROS2_WS/src/build/py_pubsub', 'catkin_cmake_args': None, 'catkin_skip_building_tests': False, 'cmake_args': None, 'cmake_clean_cache': False, 'cmake_clean_first': False, 'cmake_force_configure': False, 'cmake_target': None, 'cmake_target_skip_unavailable': False, 'install_base': '/home/gavri/Documents/Code/ApolloSim/ROS2_WS/src/install/py_pubsub', 'merge_install': False, 'path': '/home/gavri/Documents/Code/ApolloSim/ROS2_WS/src/py_pubsub', 'symlink_install': True, 'test_result_base': None}
[0.645s] Level 5:colcon.colcon_core.verb:set package 'rplidar_ros' build argument 'cmake_args' from command line to 'None'
[0.645s] Level 5:colcon.colcon_core.verb:set package 'rplidar_ros' build argument 'cmake_target' from command line to 'None'
[0.645s] Level 5:colcon.colcon_core.verb:set package 'rplidar_ros' build argument 'cmake_target_skip_unavailable' from command line to 'False'
[0.645s] Level 5:colcon.colcon_core.verb:set package 'rplidar_ros' build argument 'cmake_clean_cache' from command line to 'False'
[0.645s] Level 5:colcon.colcon_core.verb:set package 'rplidar_ros' build argument 'cmake_clean_first' from command line to 'False'
[0.645s] Level 5:colcon.colcon_core.verb:set package 'rplidar_ros' build argument 'cmake_force_configure' from command line to 'False'
[0.645s] Level 5:colcon.colcon_core.verb:set package 'rplidar_ros' build argument 'ament_cmake_args' from command line to 'None'
[0.645s] Level 5:colcon.colcon_core.verb:set package 'rplidar_ros' build argument 'catkin_cmake_args' from command line to 'None'
[0.645s] Level 5:colcon.colcon_core.verb:set package 'rplidar_ros' build argument 'catkin_skip_building_tests' from command line to 'False'
[0.645s] DEBUG:colcon.colcon_core.verb:Building package 'rplidar_ros' with the following arguments: {'ament_cmake_args': None, 'build_base': '/home/gavri/Documents/Code/ApolloSim/ROS2_WS/src/build/rplidar_ros', 'catkin_cmake_args': None, 'catkin_skip_building_tests': False, 'cmake_args': None, 'cmake_clean_cache': False, 'cmake_clean_first': False, 'cmake_force_configure': False, 'cmake_target': None, 'cmake_target_skip_unavailable': False, 'install_base': '/home/gavri/Documents/Code/ApolloSim/ROS2_WS/src/install/rplidar_ros', 'merge_install': False, 'path': '/home/gavri/Documents/Code/ApolloSim/ROS2_WS/src/rplidar_ros2', 'symlink_install': True, 'test_result_base': None}
[0.651s] INFO:colcon.colcon_core.executor:Executing jobs using 'parallel' executor
[0.659s] DEBUG:colcon.colcon_parallel_executor.executor.parallel:run_until_complete
[0.659s] INFO:colcon.colcon_ros.task.ament_python.build:Building ROS package in '/home/gavri/Documents/Code/ApolloSim/ROS2_WS/src/py_pubsub' with build type 'ament_python'
[0.659s] Level 1:colcon.colcon_core.shell:create_environment_hook('py_pubsub', 'ament_prefix_path')
[0.667s] INFO:colcon.colcon_core.plugin_system:Skipping extension 'colcon_core.shell.bat': Not used on non-Windows systems
[0.667s] INFO:colcon.colcon_core.shell:Creating environment hook '/home/gavri/Documents/Code/ApolloSim/ROS2_WS/src/install/py_pubsub/share/py_pubsub/hook/ament_prefix_path.ps1'
[0.667s] INFO:colcon.colcon_core.shell:Creating environment descriptor '/home/gavri/Documents/Code/ApolloSim/ROS2_WS/src/install/py_pubsub/share/py_pubsub/hook/ament_prefix_path.dsv'
[0.668s] INFO:colcon.colcon_core.shell:Creating environment hook '/home/gavri/Documents/Code/ApolloSim/ROS2_WS/src/install/py_pubsub/share/py_pubsub/hook/ament_prefix_path.sh'
[0.675s] INFO:colcon.colcon_core.shell:Skip shell extension 'powershell' for command environment: Not usable outside of PowerShell
[0.675s] DEBUG:colcon.colcon_core.shell:Skip shell extension 'dsv' for command environment
[0.704s] INFO:colcon.colcon_ros.task.ament_cmake.build:Building ROS package in '/home/gavri/Documents/Code/ApolloSim/ROS2_WS/src/rplidar_ros2' with build type 'ament_cmake'
[0.704s] INFO:colcon.colcon_cmake.task.cmake.build:Building CMake package in '/home/gavri/Documents/Code/ApolloSim/ROS2_WS/src/rplidar_ros2'
[0.711s] INFO:colcon.colcon_core.shell:Skip shell extension 'powershell' for command environment: Not usable outside of PowerShell
[0.711s] DEBUG:colcon.colcon_core.shell:Skip shell extension 'dsv' for command environment
[0.873s] INFO:colcon.colcon_core.task.python.build:Building Python package in '/home/gavri/Documents/Code/ApolloSim/ROS2_WS/src/py_pubsub'
[0.880s] INFO:colcon.colcon_core.shell:Skip shell extension 'powershell' for command environment: Not usable outside of PowerShell
[0.880s] DEBUG:colcon.colcon_core.shell:Skip shell extension 'dsv' for command environment
[0.912s] DEBUG:colcon.colcon_core.event_handler.log_command:Invoking command in '/home/gavri/Documents/Code/ApolloSim/ROS2_WS/src/build/rplidar_ros': CMAKE_PREFIX_PATH=${CMAKE_PREFIX_PATH}:/home/gavri/Documents/Code/rplidar_ros2/src/install/py_pubsub:/opt/ros/humble /usr/bin/cmake /home/gavri/Documents/Code/ApolloSim/ROS2_WS/src/rplidar_ros2 -DAMENT_CMAKE_SYMLINK_INSTALL=1 -DCMAKE_INSTALL_PREFIX=/home/gavri/Documents/Code/ApolloSim/ROS2_WS/src/install/rplidar_ros
[1.098s] DEBUG:colcon.colcon_core.task.python.build:While undoing a previous installation files outside the Python library path are being ignored: /home/gavri/Documents/Code/ApolloSim/ROS2_WS/src/install/py_pubsub/share/ament_index/resource_index/packages/py_pubsub
[1.098s] DEBUG:colcon.colcon_core.task.python.build:While undoing a previous installation files outside the Python library path are being ignored: /home/gavri/Documents/Code/ApolloSim/ROS2_WS/src/install/py_pubsub/share/py_pubsub/package.xml
[1.098s] DEBUG:colcon.colcon_core.task.python.build:While undoing a previous installation files outside the Python library path are being ignored: /home/gavri/Documents/Code/ApolloSim/ROS2_WS/src/install/py_pubsub/lib/py_pubsub/listener
[1.099s] DEBUG:colcon.colcon_core.task.python.build:While undoing a previous installation files outside the Python library path are being ignored: /home/gavri/Documents/Code/ApolloSim/ROS2_WS/src/install/py_pubsub/lib/py_pubsub/talker
[1.100s] DEBUG:colcon.colcon_core.event_handler.log_command:Invoking command in '/home/gavri/Documents/Code/ApolloSim/ROS2_WS/src/build/py_pubsub': PYTHONPATH=/home/gavri/Documents/Code/ApolloSim/ROS2_WS/src/build/py_pubsub/prefix_override:/home/gavri/Documents/Code/ApolloSim/ROS2_WS/src/install/py_pubsub/lib/python3.10/site-packages:${PYTHONPATH} /usr/bin/python3 setup.py develop --editable --build-directory /home/gavri/Documents/Code/ApolloSim/ROS2_WS/src/build/py_pubsub/build --no-deps install_data
[1.346s] Level 1:colcon.colcon_core.shell:create_environment_hook('py_pubsub', 'pythonpath_develop')
[1.346s] DEBUG:colcon.colcon_core.event_handler.log_command:Invoked command in '/home/gavri/Documents/Code/ApolloSim/ROS2_WS/src/build/py_pubsub' returned '0': PYTHONPATH=/home/gavri/Documents/Code/ApolloSim/ROS2_WS/src/build/py_pubsub/prefix_override:/home/gavri/Documents/Code/ApolloSim/ROS2_WS/src/install/py_pubsub/lib/python3.10/site-packages:${PYTHONPATH} /usr/bin/python3 setup.py develop --editable --build-directory /home/gavri/Documents/Code/ApolloSim/ROS2_WS/src/build/py_pubsub/build --no-deps install_data
[1.354s] INFO:colcon.colcon_core.shell:Creating environment hook '/home/gavri/Documents/Code/ApolloSim/ROS2_WS/src/build/py_pubsub/share/py_pubsub/hook/pythonpath_develop.ps1'
[1.355s] INFO:colcon.colcon_core.shell:Creating environment descriptor '/home/gavri/Documents/Code/ApolloSim/ROS2_WS/src/build/py_pubsub/share/py_pubsub/hook/pythonpath_develop.dsv'
[1.355s] INFO:colcon.colcon_core.shell:Creating environment hook '/home/gavri/Documents/Code/ApolloSim/ROS2_WS/src/build/py_pubsub/share/py_pubsub/hook/pythonpath_develop.sh'
[1.363s] Level 1:colcon.colcon_core.environment:checking '/home/gavri/Documents/Code/ApolloSim/ROS2_WS/src/install/py_pubsub' for CMake module files
[1.363s] Level 1:colcon.colcon_core.environment:checking '/home/gavri/Documents/Code/ApolloSim/ROS2_WS/src/install/py_pubsub' for CMake config files
[1.364s] Level 1:colcon.colcon_core.environment:checking '/home/gavri/Documents/Code/ApolloSim/ROS2_WS/src/install/py_pubsub/lib'
[1.364s] Level 1:colcon.colcon_core.environment:checking '/home/gavri/Documents/Code/ApolloSim/ROS2_WS/src/install/py_pubsub/bin'
[1.364s] Level 1:colcon.colcon_core.environment:checking '/home/gavri/Documents/Code/ApolloSim/ROS2_WS/src/install/py_pubsub/lib/pkgconfig/py_pubsub.pc'
[1.364s] Level 1:colcon.colcon_core.environment:checking '/home/gavri/Documents/Code/ApolloSim/ROS2_WS/src/install/py_pubsub/lib/python3.10/site-packages'
[1.364s] Level 1:colcon.colcon_core.shell:create_environment_hook('py_pubsub', 'pythonpath')
[1.371s] INFO:colcon.colcon_core.shell:Creating environment hook '/home/gavri/Documents/Code/ApolloSim/ROS2_WS/src/install/py_pubsub/share/py_pubsub/hook/pythonpath.ps1'
[1.371s] INFO:colcon.colcon_core.shell:Creating environment descriptor '/home/gavri/Documents/Code/ApolloSim/ROS2_WS/src/install/py_pubsub/share/py_pubsub/hook/pythonpath.dsv'
[1.372s] INFO:colcon.colcon_core.shell:Creating environment hook '/home/gavri/Documents/Code/ApolloSim/ROS2_WS/src/install/py_pubsub/share/py_pubsub/hook/pythonpath.sh'
[1.372s] Level 1:colcon.colcon_core.environment:checking '/home/gavri/Documents/Code/ApolloSim/ROS2_WS/src/install/py_pubsub/bin'
[1.372s] Level 1:colcon.colcon_core.environment:create_environment_scripts_only(py_pubsub)
[1.379s] INFO:colcon.colcon_core.shell:Creating package script '/home/gavri/Documents/Code/ApolloSim/ROS2_WS/src/install/py_pubsub/share/py_pubsub/package.ps1'
[1.379s] INFO:colcon.colcon_core.shell:Creating package descriptor '/home/gavri/Documents/Code/ApolloSim/ROS2_WS/src/install/py_pubsub/share/py_pubsub/package.dsv'
[1.380s] INFO:colcon.colcon_core.shell:Creating package script '/home/gavri/Documents/Code/ApolloSim/ROS2_WS/src/install/py_pubsub/share/py_pubsub/package.sh'
[1.380s] INFO:colcon.colcon_core.shell:Creating package script '/home/gavri/Documents/Code/ApolloSim/ROS2_WS/src/install/py_pubsub/share/py_pubsub/package.bash'
[1.381s] INFO:colcon.colcon_core.shell:Creating package script '/home/gavri/Documents/Code/ApolloSim/ROS2_WS/src/install/py_pubsub/share/py_pubsub/package.zsh'
[1.381s] Level 1:colcon.colcon_core.environment:create_file_with_runtime_dependencies(/home/gavri/Documents/Code/ApolloSim/ROS2_WS/src/install/py_pubsub/share/colcon-core/packages/py_pubsub)
[2.095s] DEBUG:colcon.colcon_core.event_handler.log_command:Invoked command in '/home/gavri/Documents/Code/ApolloSim/ROS2_WS/src/build/rplidar_ros' returned '0': CMAKE_PREFIX_PATH=${CMAKE_PREFIX_PATH}:/home/gavri/Documents/Code/rplidar_ros2/src/install/py_pubsub:/opt/ros/humble /usr/bin/cmake /home/gavri/Documents/Code/ApolloSim/ROS2_WS/src/rplidar_ros2 -DAMENT_CMAKE_SYMLINK_INSTALL=1 -DCMAKE_INSTALL_PREFIX=/home/gavri/Documents/Code/ApolloSim/ROS2_WS/src/install/rplidar_ros
[2.095s] DEBUG:colcon.colcon_core.event_handler.log_command:Invoking command in '/home/gavri/Documents/Code/ApolloSim/ROS2_WS/src/build/rplidar_ros': CMAKE_PREFIX_PATH=${CMAKE_PREFIX_PATH}:/home/gavri/Documents/Code/rplidar_ros2/src/install/py_pubsub:/opt/ros/humble /usr/bin/cmake --build /home/gavri/Documents/Code/ApolloSim/ROS2_WS/src/build/rplidar_ros -- -j8 -l8
[7.824s] DEBUG:colcon.colcon_core.event_handler.log_command:Invoked command in '/home/gavri/Documents/Code/ApolloSim/ROS2_WS/src/build/rplidar_ros' returned '0': CMAKE_PREFIX_PATH=${CMAKE_PREFIX_PATH}:/home/gavri/Documents/Code/rplidar_ros2/src/install/py_pubsub:/opt/ros/humble /usr/bin/cmake --build /home/gavri/Documents/Code/ApolloSim/ROS2_WS/src/build/rplidar_ros -- -j8 -l8
[7.853s] DEBUG:colcon.colcon_core.event_handler.log_command:Invoking command in '/home/gavri/Documents/Code/ApolloSim/ROS2_WS/src/build/rplidar_ros': CMAKE_PREFIX_PATH=${CMAKE_PREFIX_PATH}:/home/gavri/Documents/Code/rplidar_ros2/src/install/py_pubsub:/opt/ros/humble /usr/bin/cmake --install /home/gavri/Documents/Code/ApolloSim/ROS2_WS/src/build/rplidar_ros
[8.044s] Level 1:colcon.colcon_core.environment:create_environment_scripts_only(rplidar_ros)
[8.045s] DEBUG:colcon.colcon_core.event_handler.log_command:Invoked command in '/home/gavri/Documents/Code/ApolloSim/ROS2_WS/src/build/rplidar_ros' returned '0': CMAKE_PREFIX_PATH=${CMAKE_PREFIX_PATH}:/home/gavri/Documents/Code/rplidar_ros2/src/install/py_pubsub:/opt/ros/humble /usr/bin/cmake --install /home/gavri/Documents/Code/ApolloSim/ROS2_WS/src/build/rplidar_ros
[8.055s] Level 1:colcon.colcon_core.environment:checking '/home/gavri/Documents/Code/ApolloSim/ROS2_WS/src/install/rplidar_ros' for CMake module files
[8.055s] Level 1:colcon.colcon_core.environment:checking '/home/gavri/Documents/Code/ApolloSim/ROS2_WS/src/install/rplidar_ros' for CMake config files
[8.055s] Level 1:colcon.colcon_core.shell:create_environment_hook('rplidar_ros', 'cmake_prefix_path')
[8.062s] INFO:colcon.colcon_core.shell:Creating environment hook '/home/gavri/Documents/Code/ApolloSim/ROS2_WS/src/install/rplidar_ros/share/rplidar_ros/hook/cmake_prefix_path.ps1'
[8.063s] INFO:colcon.colcon_core.shell:Creating environment descriptor '/home/gavri/Documents/Code/ApolloSim/ROS2_WS/src/install/rplidar_ros/share/rplidar_ros/hook/cmake_prefix_path.dsv'
[8.063s] INFO:colcon.colcon_core.shell:Creating environment hook '/home/gavri/Documents/Code/ApolloSim/ROS2_WS/src/install/rplidar_ros/share/rplidar_ros/hook/cmake_prefix_path.sh'
[8.063s] Level 1:colcon.colcon_core.environment:checking '/home/gavri/Documents/Code/ApolloSim/ROS2_WS/src/install/rplidar_ros/lib'
[8.063s] Level 1:colcon.colcon_core.shell:create_environment_hook('rplidar_ros', 'ld_library_path_lib')
[8.071s] INFO:colcon.colcon_core.shell:Creating environment hook '/home/gavri/Documents/Code/ApolloSim/ROS2_WS/src/install/rplidar_ros/share/rplidar_ros/hook/ld_library_path_lib.ps1'
[8.071s] INFO:colcon.colcon_core.shell:Creating environment descriptor '/home/gavri/Documents/Code/ApolloSim/ROS2_WS/src/install/rplidar_ros/share/rplidar_ros/hook/ld_library_path_lib.dsv'
[8.071s] INFO:colcon.colcon_core.shell:Creating environment hook '/home/gavri/Documents/Code/ApolloSim/ROS2_WS/src/install/rplidar_ros/share/rplidar_ros/hook/ld_library_path_lib.sh'
[8.071s] Level 1:colcon.colcon_core.environment:checking '/home/gavri/Documents/Code/ApolloSim/ROS2_WS/src/install/rplidar_ros/bin'
[8.071s] Level 1:colcon.colcon_core.environment:checking '/home/gavri/Documents/Code/ApolloSim/ROS2_WS/src/install/rplidar_ros/lib/pkgconfig/rplidar_ros.pc'
[8.072s] Level 1:colcon.colcon_core.environment:checking '/home/gavri/Documents/Code/ApolloSim/ROS2_WS/src/install/rplidar_ros/lib/python3.10/site-packages'
[8.072s] Level 1:colcon.colcon_core.environment:checking '/home/gavri/Documents/Code/ApolloSim/ROS2_WS/src/install/rplidar_ros/bin'
[8.080s] INFO:colcon.colcon_core.shell:Creating package script '/home/gavri/Documents/Code/ApolloSim/ROS2_WS/src/install/rplidar_ros/share/rplidar_ros/package.ps1'
[8.080s] INFO:colcon.colcon_core.shell:Creating package descriptor '/home/gavri/Documents/Code/ApolloSim/ROS2_WS/src/install/rplidar_ros/share/rplidar_ros/package.dsv'
[8.081s] INFO:colcon.colcon_core.shell:Creating package script '/home/gavri/Documents/Code/ApolloSim/ROS2_WS/src/install/rplidar_ros/share/rplidar_ros/package.sh'
[8.081s] INFO:colcon.colcon_core.shell:Creating package script '/home/gavri/Documents/Code/ApolloSim/ROS2_WS/src/install/rplidar_ros/share/rplidar_ros/package.bash'
[8.081s] INFO:colcon.colcon_core.shell:Creating package script '/home/gavri/Documents/Code/ApolloSim/ROS2_WS/src/install/rplidar_ros/share/rplidar_ros/package.zsh'
[8.081s] Level 1:colcon.colcon_core.environment:create_file_with_runtime_dependencies(/home/gavri/Documents/Code/ApolloSim/ROS2_WS/src/install/rplidar_ros/share/colcon-core/packages/rplidar_ros)
[8.111s] Level 1:colcon.colcon_core.environment:create_environment_scripts_only(rplidar_ros)
[8.118s] Level 1:colcon.colcon_core.environment:checking '/home/gavri/Documents/Code/ApolloSim/ROS2_WS/src/install/rplidar_ros' for CMake module files
[8.119s] Level 1:colcon.colcon_core.environment:checking '/home/gavri/Documents/Code/ApolloSim/ROS2_WS/src/install/rplidar_ros' for CMake config files
[8.119s] Level 1:colcon.colcon_core.shell:create_environment_hook('rplidar_ros', 'cmake_prefix_path')
[8.134s] INFO:colcon.colcon_core.shell:Creating environment hook '/home/gavri/Documents/Code/ApolloSim/ROS2_WS/src/install/rplidar_ros/share/rplidar_ros/hook/cmake_prefix_path.ps1'
[8.134s] INFO:colcon.colcon_core.shell:Creating environment descriptor '/home/gavri/Documents/Code/ApolloSim/ROS2_WS/src/install/rplidar_ros/share/rplidar_ros/hook/cmake_prefix_path.dsv'
[8.134s] INFO:colcon.colcon_core.shell:Creating environment hook '/home/gavri/Documents/Code/ApolloSim/ROS2_WS/src/install/rplidar_ros/share/rplidar_ros/hook/cmake_prefix_path.sh'
[8.135s] Level 1:colcon.colcon_core.environment:checking '/home/gavri/Documents/Code/ApolloSim/ROS2_WS/src/install/rplidar_ros/lib'
[8.135s] Level 1:colcon.colcon_core.shell:create_environment_hook('rplidar_ros', 'ld_library_path_lib')
[8.142s] INFO:colcon.colcon_core.shell:Creating environment hook '/home/gavri/Documents/Code/ApolloSim/ROS2_WS/src/install/rplidar_ros/share/rplidar_ros/hook/ld_library_path_lib.ps1'
[8.142s] INFO:colcon.colcon_core.shell:Creating environment descriptor '/home/gavri/Documents/Code/ApolloSim/ROS2_WS/src/install/rplidar_ros/share/rplidar_ros/hook/ld_library_path_lib.dsv'
[8.142s] INFO:colcon.colcon_core.shell:Creating environment hook '/home/gavri/Documents/Code/ApolloSim/ROS2_WS/src/install/rplidar_ros/share/rplidar_ros/hook/ld_library_path_lib.sh'
[8.142s] Level 1:colcon.colcon_core.environment:checking '/home/gavri/Documents/Code/ApolloSim/ROS2_WS/src/install/rplidar_ros/bin'
[8.142s] Level 1:colcon.colcon_core.environment:checking '/home/gavri/Documents/Code/ApolloSim/ROS2_WS/src/install/rplidar_ros/lib/pkgconfig/rplidar_ros.pc'
[8.142s] Level 1:colcon.colcon_core.environment:checking '/home/gavri/Documents/Code/ApolloSim/ROS2_WS/src/install/rplidar_ros/lib/python3.10/site-packages'
[8.142s] Level 1:colcon.colcon_core.environment:checking '/home/gavri/Documents/Code/ApolloSim/ROS2_WS/src/install/rplidar_ros/bin'
[8.150s] INFO:colcon.colcon_core.shell:Creating package script '/home/gavri/Documents/Code/ApolloSim/ROS2_WS/src/install/rplidar_ros/share/rplidar_ros/package.ps1'
[8.150s] INFO:colcon.colcon_core.shell:Creating package descriptor '/home/gavri/Documents/Code/ApolloSim/ROS2_WS/src/install/rplidar_ros/share/rplidar_ros/package.dsv'
[8.150s] INFO:colcon.colcon_core.shell:Creating package script '/home/gavri/Documents/Code/ApolloSim/ROS2_WS/src/install/rplidar_ros/share/rplidar_ros/package.sh'
[8.151s] INFO:colcon.colcon_core.shell:Creating package script '/home/gavri/Documents/Code/ApolloSim/ROS2_WS/src/install/rplidar_ros/share/rplidar_ros/package.bash'
[8.151s] INFO:colcon.colcon_core.shell:Creating package script '/home/gavri/Documents/Code/ApolloSim/ROS2_WS/src/install/rplidar_ros/share/rplidar_ros/package.zsh'
[8.151s] Level 1:colcon.colcon_core.environment:create_file_with_runtime_dependencies(/home/gavri/Documents/Code/ApolloSim/ROS2_WS/src/install/rplidar_ros/share/colcon-core/packages/rplidar_ros)
[8.151s] DEBUG:colcon.colcon_parallel_executor.executor.parallel:closing loop
[8.151s] DEBUG:colcon.colcon_parallel_executor.executor.parallel:loop closed
[8.151s] DEBUG:colcon.colcon_parallel_executor.executor.parallel:run_until_complete finished with '0'
[8.152s] DEBUG:colcon.colcon_core.event_reactor:joining thread
[8.162s] INFO:colcon.colcon_core.plugin_system:Skipping extension 'colcon_notification.desktop_notification.terminal_notifier': Not used on non-Darwin systems
[8.162s] INFO:colcon.colcon_core.plugin_system:Skipping extension 'colcon_notification.desktop_notification.win32': Not used on non-Windows systems
[8.162s] INFO:colcon.colcon_notification.desktop_notification:Sending desktop notification using 'notify2'
[8.169s] DEBUG:colcon.colcon_core.event_reactor:joined thread
[8.177s] INFO:colcon.colcon_core.shell:Creating prefix script '/home/gavri/Documents/Code/ApolloSim/ROS2_WS/src/install/local_setup.ps1'
[8.178s] INFO:colcon.colcon_core.shell:Creating prefix util module '/home/gavri/Documents/Code/ApolloSim/ROS2_WS/src/install/_local_setup_util_ps1.py'
[8.179s] INFO:colcon.colcon_core.shell:Creating prefix chain script '/home/gavri/Documents/Code/ApolloSim/ROS2_WS/src/install/setup.ps1'
[8.187s] INFO:colcon.colcon_core.shell:Creating prefix script '/home/gavri/Documents/Code/ApolloSim/ROS2_WS/src/install/local_setup.sh'
[8.187s] INFO:colcon.colcon_core.shell:Creating prefix util module '/home/gavri/Documents/Code/ApolloSim/ROS2_WS/src/install/_local_setup_util_sh.py'
[8.188s] INFO:colcon.colcon_core.shell:Creating prefix chain script '/home/gavri/Documents/Code/ApolloSim/ROS2_WS/src/install/setup.sh'
[8.196s] INFO:colcon.colcon_core.shell:Creating prefix script '/home/gavri/Documents/Code/ApolloSim/ROS2_WS/src/install/local_setup.bash'
[8.197s] INFO:colcon.colcon_core.shell:Creating prefix chain script '/home/gavri/Documents/Code/ApolloSim/ROS2_WS/src/install/setup.bash'
[8.204s] INFO:colcon.colcon_core.shell:Creating prefix script '/home/gavri/Documents/Code/ApolloSim/ROS2_WS/src/install/local_setup.zsh'
[8.204s] INFO:colcon.colcon_core.shell:Creating prefix chain script '/home/gavri/Documents/Code/ApolloSim/ROS2_WS/src/install/setup.zsh'
