[0.480s] DEBUG:colcon:Command line arguments: ['/usr/bin/colcon', 'build', '--packages-select', 'rplidar_ros']
[0.480s] DEBUG:colcon:Parsed command line arguments: Namespace(log_base=None, log_level=None, verb_name='build', build_base='build', install_base='install', merge_install=False, symlink_install=False, test_result_base=None, continue_on_error=False, executor='parallel', parallel_workers=8, event_handlers=None, ignore_user_meta=False, metas=['./colcon.meta'], base_paths=['.'], packages_ignore=None, packages_ignore_regex=None, paths=None, packages_up_to=None, packages_up_to_regex=None, packages_above=None, packages_above_and_dependencies=None, packages_above_depth=None, packages_select_by_dep=None, packages_skip_by_dep=None, packages_skip_up_to=None, packages_select_build_failed=False, packages_skip_build_finished=False, packages_select_test_failures=False, packages_skip_test_passed=False, packages_select=['rplidar_ros'], packages_skip=None, packages_select_regex=None, packages_skip_regex=None, packages_start=None, packages_end=None, allow_overriding=[], cmake_args=None, cmake_target=None, cmake_target_skip_unavailable=False, cmake_clean_cache=False, cmake_clean_first=False, cmake_force_configure=False, ament_cmake_args=None, catkin_cmake_args=None, catkin_skip_building_tests=False, verb_parser=<colcon_defaults.argument_parser.defaults.DefaultArgumentsDecorator object at 0x7fa0606832e0>, verb_extension=<colcon_core.verb.build.BuildVerb object at 0x7fa060683790>, main=<bound method BuildVerb.main of <colcon_core.verb.build.BuildVerb object at 0x7fa060683790>>)
[0.504s] Level 1:colcon.colcon_core.package_discovery:discover_packages(colcon_meta) check parameters
[0.504s] Level 1:colcon.colcon_core.package_discovery:discover_packages(recursive) check parameters
[0.504s] Level 1:colcon.colcon_core.package_discovery:discover_packages(ignore) check parameters
[0.504s] Level 1:colcon.colcon_core.package_discovery:discover_packages(path) check parameters
[0.504s] Level 1:colcon.colcon_core.package_discovery:discover_packages(colcon_meta) discover
[0.504s] Level 1:colcon.colcon_core.package_discovery:discover_packages(recursive) discover
[0.504s] INFO:colcon.colcon_core.package_discovery:Crawling recursively for packages in '/home/gavri/Documents/Code/ApolloSim/ROS2_WS/src'
[0.504s] Level 1:colcon.colcon_core.package_identification:_identify(.) by extensions ['ignore', 'ignore_ament_install']
[0.504s] Level 1:colcon.colcon_core.package_identification:_identify(.) by extension 'ignore'
[0.504s] Level 1:colcon.colcon_core.package_identification:_identify(.) by extension 'ignore_ament_install'
[0.504s] Level 1:colcon.colcon_core.package_identification:_identify(.) by extensions ['colcon_pkg']
[0.504s] Level 1:colcon.colcon_core.package_identification:_identify(.) by extension 'colcon_pkg'
[0.504s] Level 1:colcon.colcon_core.package_identification:_identify(.) by extensions ['colcon_meta']
[0.504s] Level 1:colcon.colcon_core.package_identification:_identify(.) by extension 'colcon_meta'
[0.504s] Level 1:colcon.colcon_core.package_identification:_identify(.) by extensions ['ros']
[0.504s] Level 1:colcon.colcon_core.package_identification:_identify(.) by extension 'ros'
[0.511s] Level 1:colcon.colcon_core.package_identification:_identify(.) by extensions ['cmake', 'python']
[0.511s] Level 1:colcon.colcon_core.package_identification:_identify(.) by extension 'cmake'
[0.511s] Level 1:colcon.colcon_core.package_identification:_identify(.) by extension 'python'
[0.511s] Level 1:colcon.colcon_core.package_identification:_identify(.) by extensions ['python_setup_py']
[0.511s] Level 1:colcon.colcon_core.package_identification:_identify(.) by extension 'python_setup_py'
[0.511s] Level 1:colcon.colcon_core.package_identification:_identify(build) by extensions ['ignore', 'ignore_ament_install']
[0.511s] Level 1:colcon.colcon_core.package_identification:_identify(build) by extension 'ignore'
[0.511s] Level 1:colcon.colcon_core.package_identification:_identify(build) ignored
[0.511s] Level 1:colcon.colcon_core.package_identification:_identify(install) by extensions ['ignore', 'ignore_ament_install']
[0.511s] Level 1:colcon.colcon_core.package_identification:_identify(install) by extension 'ignore'
[0.511s] Level 1:colcon.colcon_core.package_identification:_identify(install) ignored
[0.511s] Level 1:colcon.colcon_core.package_identification:_identify(log) by extensions ['ignore', 'ignore_ament_install']
[0.511s] Level 1:colcon.colcon_core.package_identification:_identify(log) by extension 'ignore'
[0.511s] Level 1:colcon.colcon_core.package_identification:_identify(log) ignored
[0.512s] Level 1:colcon.colcon_core.package_identification:_identify(py_pubsub) by extensions ['ignore', 'ignore_ament_install']
[0.512s] Level 1:colcon.colcon_core.package_identification:_identify(py_pubsub) by extension 'ignore'
[0.512s] Level 1:colcon.colcon_core.package_identification:_identify(py_pubsub) by extension 'ignore_ament_install'
[0.512s] Level 1:colcon.colcon_core.package_identification:_identify(py_pubsub) by extensions ['colcon_pkg']
[0.512s] Level 1:colcon.colcon_core.package_identification:_identify(py_pubsub) by extension 'colcon_pkg'
[0.512s] Level 1:colcon.colcon_core.package_identification:_identify(py_pubsub) by extensions ['colcon_meta']
[0.512s] Level 1:colcon.colcon_core.package_identification:_identify(py_pubsub) by extension 'colcon_meta'
[0.512s] Level 1:colcon.colcon_core.package_identification:_identify(py_pubsub) by extensions ['ros']
[0.512s] Level 1:colcon.colcon_core.package_identification:_identify(py_pubsub) by extension 'ros'
[0.513s] DEBUG:colcon.colcon_core.package_identification:Package 'py_pubsub' with type 'ros.ament_python' and name 'py_pubsub'
[0.513s] Level 1:colcon.colcon_core.package_identification:_identify(rplidar_ros2) by extensions ['ignore', 'ignore_ament_install']
[0.513s] Level 1:colcon.colcon_core.package_identification:_identify(rplidar_ros2) by extension 'ignore'
[0.513s] Level 1:colcon.colcon_core.package_identification:_identify(rplidar_ros2) by extension 'ignore_ament_install'
[0.513s] Level 1:colcon.colcon_core.package_identification:_identify(rplidar_ros2) by extensions ['colcon_pkg']
[0.513s] Level 1:colcon.colcon_core.package_identification:_identify(rplidar_ros2) by extension 'colcon_pkg'
[0.513s] Level 1:colcon.colcon_core.package_identification:_identify(rplidar_ros2) by extensions ['colcon_meta']
[0.513s] Level 1:colcon.colcon_core.package_identification:_identify(rplidar_ros2) by extension 'colcon_meta'
[0.513s] Level 1:colcon.colcon_core.package_identification:_identify(rplidar_ros2) by extensions ['ros']
[0.513s] Level 1:colcon.colcon_core.package_identification:_identify(rplidar_ros2) by extension 'ros'
[0.514s] DEBUG:colcon.colcon_core.package_identification:Package 'rplidar_ros2' with type 'ros.ament_cmake' and name 'rplidar_ros'
[0.514s] Level 1:colcon.colcon_core.package_discovery:discover_packages(recursive) using defaults
[0.514s] Level 1:colcon.colcon_core.package_discovery:discover_packages(ignore) discover
[0.514s] Level 1:colcon.colcon_core.package_discovery:discover_packages(ignore) using defaults
[0.514s] Level 1:colcon.colcon_core.package_discovery:discover_packages(path) discover
[0.514s] Level 1:colcon.colcon_core.package_discovery:discover_packages(path) using defaults
[0.546s] INFO:colcon.colcon_core.package_selection:Skipping not selected package 'py_pubsub' in 'py_pubsub'
[0.560s] Level 1:colcon.colcon_core.package_discovery:discover_packages(prefix_path) check parameters
[0.560s] Level 1:colcon.colcon_core.package_discovery:discover_packages(prefix_path) discover
[0.575s] DEBUG:colcon.colcon_installed_package_information.package_discovery:Found 2 installed packages in /home/gavri/Documents/Code/ApolloSim/ROS2_WS/src/install
[0.582s] DEBUG:colcon.colcon_installed_package_information.package_discovery:Found 1 installed packages in /home/gavri/Documents/Code/ros_ws/src/rplidar_ros2/install
[0.588s] DEBUG:colcon.colcon_installed_package_information.package_discovery:Found 1 installed packages in /home/gavri/Documents/Code/rplidar_ros2/src/install
[0.596s] DEBUG:colcon.colcon_installed_package_information.package_discovery:Found 270 installed packages in /opt/ros/humble
[0.597s] Level 1:colcon.colcon_core.package_discovery:discover_packages(prefix_path) using defaults
[0.643s] Level 5:colcon.colcon_core.verb:set package 'rplidar_ros' build argument 'cmake_args' from command line to 'None'
[0.643s] Level 5:colcon.colcon_core.verb:set package 'rplidar_ros' build argument 'cmake_target' from command line to 'None'
[0.643s] Level 5:colcon.colcon_core.verb:set package 'rplidar_ros' build argument 'cmake_target_skip_unavailable' from command line to 'False'
[0.643s] Level 5:colcon.colcon_core.verb:set package 'rplidar_ros' build argument 'cmake_clean_cache' from command line to 'False'
[0.643s] Level 5:colcon.colcon_core.verb:set package 'rplidar_ros' build argument 'cmake_clean_first' from command line to 'False'
[0.643s] Level 5:colcon.colcon_core.verb:set package 'rplidar_ros' build argument 'cmake_force_configure' from command line to 'False'
[0.643s] Level 5:colcon.colcon_core.verb:set package 'rplidar_ros' build argument 'ament_cmake_args' from command line to 'None'
[0.643s] Level 5:colcon.colcon_core.verb:set package 'rplidar_ros' build argument 'catkin_cmake_args' from command line to 'None'
[0.643s] Level 5:colcon.colcon_core.verb:set package 'rplidar_ros' build argument 'catkin_skip_building_tests' from command line to 'False'
[0.643s] DEBUG:colcon.colcon_core.verb:Building package 'rplidar_ros' with the following arguments: {'ament_cmake_args': None, 'build_base': '/home/gavri/Documents/Code/ApolloSim/ROS2_WS/src/build/rplidar_ros', 'catkin_cmake_args': None, 'catkin_skip_building_tests': False, 'cmake_args': None, 'cmake_clean_cache': False, 'cmake_clean_first': False, 'cmake_force_configure': False, 'cmake_target': None, 'cmake_target_skip_unavailable': False, 'install_base': '/home/gavri/Documents/Code/ApolloSim/ROS2_WS/src/install/rplidar_ros', 'merge_install': False, 'path': '/home/gavri/Documents/Code/ApolloSim/ROS2_WS/src/rplidar_ros2', 'symlink_install': False, 'test_result_base': None}
[0.650s] INFO:colcon.colcon_core.executor:Executing jobs using 'parallel' executor
[0.657s] DEBUG:colcon.colcon_parallel_executor.executor.parallel:run_until_complete
[0.657s] INFO:colcon.colcon_ros.task.ament_cmake.build:Building ROS package in '/home/gavri/Documents/Code/ApolloSim/ROS2_WS/src/rplidar_ros2' with build type 'ament_cmake'
[0.657s] INFO:colcon.colcon_cmake.task.cmake.build:Building CMake package in '/home/gavri/Documents/Code/ApolloSim/ROS2_WS/src/rplidar_ros2'
[0.665s] INFO:colcon.colcon_core.plugin_system:Skipping extension 'colcon_core.shell.bat': Not used on non-Windows systems
[0.665s] INFO:colcon.colcon_core.shell:Skip shell extension 'powershell' for command environment: Not usable outside of PowerShell
[0.665s] DEBUG:colcon.colcon_core.shell:Skip shell extension 'dsv' for command environment
[0.704s] DEBUG:colcon.colcon_core.event_handler.log_command:Invoking command in '/home/gavri/Documents/Code/ApolloSim/ROS2_WS/src/build/rplidar_ros': CMAKE_PREFIX_PATH=${CMAKE_PREFIX_PATH}:/home/gavri/Documents/Code/ApolloSim/ROS2_WS/src/install/py_pubsub:/home/gavri/Documents/Code/rplidar_ros2/src/install/py_pubsub:/opt/ros/humble /usr/bin/cmake /home/gavri/Documents/Code/ApolloSim/ROS2_WS/src/rplidar_ros2 -DCMAKE_INSTALL_PREFIX=/home/gavri/Documents/Code/ApolloSim/ROS2_WS/src/install/rplidar_ros
[1.205s] DEBUG:colcon.colcon_core.event_handler.log_command:Invoked command in '/home/gavri/Documents/Code/ApolloSim/ROS2_WS/src/build/rplidar_ros' returned '0': CMAKE_PREFIX_PATH=${CMAKE_PREFIX_PATH}:/home/gavri/Documents/Code/ApolloSim/ROS2_WS/src/install/py_pubsub:/home/gavri/Documents/Code/rplidar_ros2/src/install/py_pubsub:/opt/ros/humble /usr/bin/cmake /home/gavri/Documents/Code/ApolloSim/ROS2_WS/src/rplidar_ros2 -DCMAKE_INSTALL_PREFIX=/home/gavri/Documents/Code/ApolloSim/ROS2_WS/src/install/rplidar_ros
[1.207s] DEBUG:colcon.colcon_core.event_handler.log_command:Invoking command in '/home/gavri/Documents/Code/ApolloSim/ROS2_WS/src/build/rplidar_ros': CMAKE_PREFIX_PATH=${CMAKE_PREFIX_PATH}:/home/gavri/Documents/Code/ApolloSim/ROS2_WS/src/install/py_pubsub:/home/gavri/Documents/Code/rplidar_ros2/src/install/py_pubsub:/opt/ros/humble /usr/bin/cmake --build /home/gavri/Documents/Code/ApolloSim/ROS2_WS/src/build/rplidar_ros -- -j8 -l8
[1.282s] DEBUG:colcon.colcon_core.event_handler.log_command:Invoked command in '/home/gavri/Documents/Code/ApolloSim/ROS2_WS/src/build/rplidar_ros' returned '0': CMAKE_PREFIX_PATH=${CMAKE_PREFIX_PATH}:/home/gavri/Documents/Code/ApolloSim/ROS2_WS/src/install/py_pubsub:/home/gavri/Documents/Code/rplidar_ros2/src/install/py_pubsub:/opt/ros/humble /usr/bin/cmake --build /home/gavri/Documents/Code/ApolloSim/ROS2_WS/src/build/rplidar_ros -- -j8 -l8
[1.317s] DEBUG:colcon.colcon_core.event_handler.log_command:Invoking command in '/home/gavri/Documents/Code/ApolloSim/ROS2_WS/src/build/rplidar_ros': CMAKE_PREFIX_PATH=${CMAKE_PREFIX_PATH}:/home/gavri/Documents/Code/ApolloSim/ROS2_WS/src/install/py_pubsub:/home/gavri/Documents/Code/rplidar_ros2/src/install/py_pubsub:/opt/ros/humble /usr/bin/cmake --install /home/gavri/Documents/Code/ApolloSim/ROS2_WS/src/build/rplidar_ros
[1.332s] Level 1:colcon.colcon_core.environment:create_environment_scripts_only(rplidar_ros)
[1.332s] DEBUG:colcon.colcon_core.event_handler.log_command:Invoked command in '/home/gavri/Documents/Code/ApolloSim/ROS2_WS/src/build/rplidar_ros' returned '0': CMAKE_PREFIX_PATH=${CMAKE_PREFIX_PATH}:/home/gavri/Documents/Code/ApolloSim/ROS2_WS/src/install/py_pubsub:/home/gavri/Documents/Code/rplidar_ros2/src/install/py_pubsub:/opt/ros/humble /usr/bin/cmake --install /home/gavri/Documents/Code/ApolloSim/ROS2_WS/src/build/rplidar_ros
[1.341s] Level 1:colcon.colcon_core.environment:checking '/home/gavri/Documents/Code/ApolloSim/ROS2_WS/src/install/rplidar_ros' for CMake module files
[1.341s] Level 1:colcon.colcon_core.environment:checking '/home/gavri/Documents/Code/ApolloSim/ROS2_WS/src/install/rplidar_ros' for CMake config files
[1.341s] Level 1:colcon.colcon_core.shell:create_environment_hook('rplidar_ros', 'cmake_prefix_path')
[1.349s] INFO:colcon.colcon_core.shell:Creating environment hook '/home/gavri/Documents/Code/ApolloSim/ROS2_WS/src/install/rplidar_ros/share/rplidar_ros/hook/cmake_prefix_path.ps1'
[1.349s] INFO:colcon.colcon_core.shell:Creating environment descriptor '/home/gavri/Documents/Code/ApolloSim/ROS2_WS/src/install/rplidar_ros/share/rplidar_ros/hook/cmake_prefix_path.dsv'
[1.349s] INFO:colcon.colcon_core.shell:Creating environment hook '/home/gavri/Documents/Code/ApolloSim/ROS2_WS/src/install/rplidar_ros/share/rplidar_ros/hook/cmake_prefix_path.sh'
[1.350s] Level 1:colcon.colcon_core.environment:checking '/home/gavri/Documents/Code/ApolloSim/ROS2_WS/src/install/rplidar_ros/lib'
[1.350s] Level 1:colcon.colcon_core.shell:create_environment_hook('rplidar_ros', 'ld_library_path_lib')
[1.357s] INFO:colcon.colcon_core.shell:Creating environment hook '/home/gavri/Documents/Code/ApolloSim/ROS2_WS/src/install/rplidar_ros/share/rplidar_ros/hook/ld_library_path_lib.ps1'
[1.357s] INFO:colcon.colcon_core.shell:Creating environment descriptor '/home/gavri/Documents/Code/ApolloSim/ROS2_WS/src/install/rplidar_ros/share/rplidar_ros/hook/ld_library_path_lib.dsv'
[1.357s] INFO:colcon.colcon_core.shell:Creating environment hook '/home/gavri/Documents/Code/ApolloSim/ROS2_WS/src/install/rplidar_ros/share/rplidar_ros/hook/ld_library_path_lib.sh'
[1.357s] Level 1:colcon.colcon_core.environment:checking '/home/gavri/Documents/Code/ApolloSim/ROS2_WS/src/install/rplidar_ros/bin'
[1.357s] Level 1:colcon.colcon_core.environment:checking '/home/gavri/Documents/Code/ApolloSim/ROS2_WS/src/install/rplidar_ros/lib/pkgconfig/rplidar_ros.pc'
[1.358s] Level 1:colcon.colcon_core.environment:checking '/home/gavri/Documents/Code/ApolloSim/ROS2_WS/src/install/rplidar_ros/lib/python3.10/site-packages'
[1.358s] Level 1:colcon.colcon_core.environment:checking '/home/gavri/Documents/Code/ApolloSim/ROS2_WS/src/install/rplidar_ros/bin'
[1.365s] INFO:colcon.colcon_core.shell:Creating package script '/home/gavri/Documents/Code/ApolloSim/ROS2_WS/src/install/rplidar_ros/share/rplidar_ros/package.ps1'
[1.365s] INFO:colcon.colcon_core.shell:Creating package descriptor '/home/gavri/Documents/Code/ApolloSim/ROS2_WS/src/install/rplidar_ros/share/rplidar_ros/package.dsv'
[1.365s] INFO:colcon.colcon_core.shell:Creating package script '/home/gavri/Documents/Code/ApolloSim/ROS2_WS/src/install/rplidar_ros/share/rplidar_ros/package.sh'
[1.366s] INFO:colcon.colcon_core.shell:Creating package script '/home/gavri/Documents/Code/ApolloSim/ROS2_WS/src/install/rplidar_ros/share/rplidar_ros/package.bash'
[1.366s] INFO:colcon.colcon_core.shell:Creating package script '/home/gavri/Documents/Code/ApolloSim/ROS2_WS/src/install/rplidar_ros/share/rplidar_ros/package.zsh'
[1.366s] Level 1:colcon.colcon_core.environment:create_file_with_runtime_dependencies(/home/gavri/Documents/Code/ApolloSim/ROS2_WS/src/install/rplidar_ros/share/colcon-core/packages/rplidar_ros)
[1.396s] Level 1:colcon.colcon_core.environment:create_environment_scripts_only(rplidar_ros)
[1.403s] Level 1:colcon.colcon_core.environment:checking '/home/gavri/Documents/Code/ApolloSim/ROS2_WS/src/install/rplidar_ros' for CMake module files
[1.404s] Level 1:colcon.colcon_core.environment:checking '/home/gavri/Documents/Code/ApolloSim/ROS2_WS/src/install/rplidar_ros' for CMake config files
[1.404s] Level 1:colcon.colcon_core.shell:create_environment_hook('rplidar_ros', 'cmake_prefix_path')
[1.411s] INFO:colcon.colcon_core.shell:Creating environment hook '/home/gavri/Documents/Code/ApolloSim/ROS2_WS/src/install/rplidar_ros/share/rplidar_ros/hook/cmake_prefix_path.ps1'
[1.412s] INFO:colcon.colcon_core.shell:Creating environment descriptor '/home/gavri/Documents/Code/ApolloSim/ROS2_WS/src/install/rplidar_ros/share/rplidar_ros/hook/cmake_prefix_path.dsv'
[1.412s] INFO:colcon.colcon_core.shell:Creating environment hook '/home/gavri/Documents/Code/ApolloSim/ROS2_WS/src/install/rplidar_ros/share/rplidar_ros/hook/cmake_prefix_path.sh'
[1.412s] Level 1:colcon.colcon_core.environment:checking '/home/gavri/Documents/Code/ApolloSim/ROS2_WS/src/install/rplidar_ros/lib'
[1.412s] Level 1:colcon.colcon_core.shell:create_environment_hook('rplidar_ros', 'ld_library_path_lib')
[1.419s] INFO:colcon.colcon_core.shell:Creating environment hook '/home/gavri/Documents/Code/ApolloSim/ROS2_WS/src/install/rplidar_ros/share/rplidar_ros/hook/ld_library_path_lib.ps1'
[1.419s] INFO:colcon.colcon_core.shell:Creating environment descriptor '/home/gavri/Documents/Code/ApolloSim/ROS2_WS/src/install/rplidar_ros/share/rplidar_ros/hook/ld_library_path_lib.dsv'
[1.419s] INFO:colcon.colcon_core.shell:Creating environment hook '/home/gavri/Documents/Code/ApolloSim/ROS2_WS/src/install/rplidar_ros/share/rplidar_ros/hook/ld_library_path_lib.sh'
[1.420s] Level 1:colcon.colcon_core.environment:checking '/home/gavri/Documents/Code/ApolloSim/ROS2_WS/src/install/rplidar_ros/bin'
[1.420s] Level 1:colcon.colcon_core.environment:checking '/home/gavri/Documents/Code/ApolloSim/ROS2_WS/src/install/rplidar_ros/lib/pkgconfig/rplidar_ros.pc'
[1.420s] Level 1:colcon.colcon_core.environment:checking '/home/gavri/Documents/Code/ApolloSim/ROS2_WS/src/install/rplidar_ros/lib/python3.10/site-packages'
[1.420s] Level 1:colcon.colcon_core.environment:checking '/home/gavri/Documents/Code/ApolloSim/ROS2_WS/src/install/rplidar_ros/bin'
[1.427s] INFO:colcon.colcon_core.shell:Creating package script '/home/gavri/Documents/Code/ApolloSim/ROS2_WS/src/install/rplidar_ros/share/rplidar_ros/package.ps1'
[1.427s] INFO:colcon.colcon_core.shell:Creating package descriptor '/home/gavri/Documents/Code/ApolloSim/ROS2_WS/src/install/rplidar_ros/share/rplidar_ros/package.dsv'
[1.427s] INFO:colcon.colcon_core.shell:Creating package script '/home/gavri/Documents/Code/ApolloSim/ROS2_WS/src/install/rplidar_ros/share/rplidar_ros/package.sh'
[1.428s] INFO:colcon.colcon_core.shell:Creating package script '/home/gavri/Documents/Code/ApolloSim/ROS2_WS/src/install/rplidar_ros/share/rplidar_ros/package.bash'
[1.428s] INFO:colcon.colcon_core.shell:Creating package script '/home/gavri/Documents/Code/ApolloSim/ROS2_WS/src/install/rplidar_ros/share/rplidar_ros/package.zsh'
[1.428s] Level 1:colcon.colcon_core.environment:create_file_with_runtime_dependencies(/home/gavri/Documents/Code/ApolloSim/ROS2_WS/src/install/rplidar_ros/share/colcon-core/packages/rplidar_ros)
[1.428s] DEBUG:colcon.colcon_parallel_executor.executor.parallel:closing loop
[1.428s] DEBUG:colcon.colcon_parallel_executor.executor.parallel:loop closed
[1.428s] DEBUG:colcon.colcon_parallel_executor.executor.parallel:run_until_complete finished with '0'
[1.428s] DEBUG:colcon.colcon_core.event_reactor:joining thread
[1.438s] INFO:colcon.colcon_core.plugin_system:Skipping extension 'colcon_notification.desktop_notification.terminal_notifier': Not used on non-Darwin systems
[1.438s] INFO:colcon.colcon_core.plugin_system:Skipping extension 'colcon_notification.desktop_notification.win32': Not used on non-Windows systems
[1.438s] INFO:colcon.colcon_notification.desktop_notification:Sending desktop notification using 'notify2'
[1.446s] DEBUG:colcon.colcon_core.event_reactor:joined thread
[1.454s] INFO:colcon.colcon_core.shell:Creating prefix script '/home/gavri/Documents/Code/ApolloSim/ROS2_WS/src/install/local_setup.ps1'
[1.455s] INFO:colcon.colcon_core.shell:Creating prefix util module '/home/gavri/Documents/Code/ApolloSim/ROS2_WS/src/install/_local_setup_util_ps1.py'
[1.455s] INFO:colcon.colcon_core.shell:Creating prefix chain script '/home/gavri/Documents/Code/ApolloSim/ROS2_WS/src/install/setup.ps1'
[1.463s] INFO:colcon.colcon_core.shell:Creating prefix script '/home/gavri/Documents/Code/ApolloSim/ROS2_WS/src/install/local_setup.sh'
[1.464s] INFO:colcon.colcon_core.shell:Creating prefix util module '/home/gavri/Documents/Code/ApolloSim/ROS2_WS/src/install/_local_setup_util_sh.py'
[1.464s] INFO:colcon.colcon_core.shell:Creating prefix chain script '/home/gavri/Documents/Code/ApolloSim/ROS2_WS/src/install/setup.sh'
[1.471s] INFO:colcon.colcon_core.shell:Creating prefix script '/home/gavri/Documents/Code/ApolloSim/ROS2_WS/src/install/local_setup.bash'
[1.472s] INFO:colcon.colcon_core.shell:Creating prefix chain script '/home/gavri/Documents/Code/ApolloSim/ROS2_WS/src/install/setup.bash'
[1.479s] INFO:colcon.colcon_core.shell:Creating prefix script '/home/gavri/Documents/Code/ApolloSim/ROS2_WS/src/install/local_setup.zsh'
[1.479s] INFO:colcon.colcon_core.shell:Creating prefix chain script '/home/gavri/Documents/Code/ApolloSim/ROS2_WS/src/install/setup.zsh'
